PyLongslit - INFO - logger.py:53 - Logger initialized. Log will be saved in /home/kostasvaleckas/Documents/DAWN/PyLongslit/tutorial/rawbias/pylogslit.log.
PyLongslit - INFO - logger.py:53 - Logger initialized. Log will be saved in /home/kostasvaleckas/Documents/DAWN/PyLongslit/tutorial/rawbias/pylogslit.log.
PyLongslit - INFO - mkspecbias.py:13 - Script running
---Using the following parameters:---
ysize = {ysize}
xsize = {xsize}
----------------------------------------

PyLongslit - INFO - logger.py:53 - Logger initialized. Log will be saved in /home/kostasvaleckas/Documents/DAWN/PyLongslit/tutorial/rawbias/pylogslit.log.
PyLongslit - INFO - mkspecbias.py:13 - Bias procedure running
PyLongslit - INFO - mkspecbias.py:14 - ---Using the following parameters:---
PyLongslit - INFO - mkspecbias.py:15 - ysize = {ysize}
PyLongslit - INFO - mkspecbias.py:16 - xsize = {xsize}
PyLongslit - INFO - logger.py:53 - Logger initialized. Log will be saved in /home/kostasvaleckas/Documents/DAWN/PyLongslit/tutorial/rawbias/pylogslit.log.
PyLongslit - INFO - mkspecbias.py:13 - Bias procedure running
PyLongslit - INFO - mkspecbias.py:14 - ---Using the following parameters:---
PyLongslit - INFO - mkspecbias.py:15 - ysize = 2102
PyLongslit - INFO - mkspecbias.py:16 - xsize = 500
PyLongslit - INFO - logger.py:53 - Logger initialized. Log will be saved in /home/kostasvaleckas/Documents/DAWN/PyLongslit/tutorial/rawbias/pylogslit.log.
PyLongslit - INFO - mkspecbias.py:13 - Bias procedure running...
PyLongslit - INFO - mkspecbias.py:14 - ---Using the following parameters:---
PyLongslit - INFO - mkspecbias.py:15 - ysize = 2102
PyLongslit - INFO - mkspecbias.py:16 - xsize = 500
