2025-02-07 09:25:00 - PyLongslit - INFO - logger.py:69 - Logger initialized. Log will be saved in /home/kostas/Documents/PyLongslit/config_OB0019.log.
2025-02-07 09:25:00 - PyLongslit - INFO - parser.py:21 - Config file found. Loading user parameters...
2025-02-07 09:25:00 - PyLongslit - INFO - parser.py:34 - Output directory /home/kostas/Documents/DAWN_FULL_BACKUP/DAWN/linsed_quasars_data/bluewhale1737102147140/Kostas/GTCMULTIPLE2H-24B/OB0019/out not found. Creating...
2025-02-07 09:25:00 - PyLongslit - INFO - parser.py:37 - User parameters loaded successfully.
2025-02-07 09:25:01 - PyLongslit - INFO - mkspecbias.py:27 - Bias procedure running...
2025-02-07 09:25:01 - PyLongslit - INFO - mkspecbias.py:28 - Using the following parameters:
2025-02-07 09:25:01 - PyLongslit - INFO - mkspecbias.py:29 - xsize = 2073
2025-02-07 09:25:01 - PyLongslit - INFO - mkspecbias.py:30 - ysize = 2056
2025-02-07 09:25:01 - PyLongslit - INFO - mkspecbias.py:35 - Found 11 bias frames.
2025-02-07 09:25:01 - PyLongslit - INFO - mkspecbias.py:36 - Files used for bias processing:
2025-02-07 09:25:01 - PyLongslit - INFO - utils.py:209 - All files have the correct dimensions.
2025-02-07 09:25:01 - PyLongslit - INFO - overscan.py:119 - Overscan subtraction is disabled.
2025-02-07 09:25:01 - PyLongslit - INFO - overscan.py:120 - Skipping overscan subtraction...
2025-02-07 09:25:01 - PyLongslit - INFO - mkspecbias.py:53 - Processing file: 0004971612-20250205-OSIRIS-OsirisBias.fits
2025-02-07 09:25:01 - PyLongslit - INFO - mkspecbias.py:65 - File 0004971612-20250205-OSIRIS-OsirisBias.fits processed.

2025-02-07 09:25:01 - PyLongslit - INFO - mkspecbias.py:53 - Processing file: 0004971613-20250205-OSIRIS-OsirisBias.fits
2025-02-07 09:25:01 - PyLongslit - INFO - mkspecbias.py:65 - File 0004971613-20250205-OSIRIS-OsirisBias.fits processed.

2025-02-07 09:25:01 - PyLongslit - INFO - mkspecbias.py:53 - Processing file: 0004971614-20250205-OSIRIS-OsirisBias.fits
2025-02-07 09:25:01 - PyLongslit - INFO - mkspecbias.py:65 - File 0004971614-20250205-OSIRIS-OsirisBias.fits processed.

2025-02-07 09:25:01 - PyLongslit - INFO - mkspecbias.py:53 - Processing file: 0004971615-20250205-OSIRIS-OsirisBias.fits
2025-02-07 09:25:01 - PyLongslit - INFO - mkspecbias.py:65 - File 0004971615-20250205-OSIRIS-OsirisBias.fits processed.

2025-02-07 09:25:01 - PyLongslit - INFO - mkspecbias.py:53 - Processing file: 0004971616-20250205-OSIRIS-OsirisBias.fits
2025-02-07 09:25:01 - PyLongslit - INFO - mkspecbias.py:65 - File 0004971616-20250205-OSIRIS-OsirisBias.fits processed.

2025-02-07 09:25:01 - PyLongslit - INFO - mkspecbias.py:53 - Processing file: 0004971617-20250205-OSIRIS-OsirisBias.fits
2025-02-07 09:25:01 - PyLongslit - INFO - mkspecbias.py:65 - File 0004971617-20250205-OSIRIS-OsirisBias.fits processed.

2025-02-07 09:25:01 - PyLongslit - INFO - mkspecbias.py:53 - Processing file: 0004971618-20250205-OSIRIS-OsirisBias.fits
2025-02-07 09:25:01 - PyLongslit - INFO - mkspecbias.py:65 - File 0004971618-20250205-OSIRIS-OsirisBias.fits processed.

2025-02-07 09:25:01 - PyLongslit - INFO - mkspecbias.py:53 - Processing file: 0004971619-20250205-OSIRIS-OsirisBias.fits
2025-02-07 09:25:01 - PyLongslit - INFO - mkspecbias.py:65 - File 0004971619-20250205-OSIRIS-OsirisBias.fits processed.

2025-02-07 09:25:01 - PyLongslit - INFO - mkspecbias.py:53 - Processing file: 0004971620-20250205-OSIRIS-OsirisBias.fits
2025-02-07 09:25:01 - PyLongslit - INFO - mkspecbias.py:65 - File 0004971620-20250205-OSIRIS-OsirisBias.fits processed.

2025-02-07 09:25:01 - PyLongslit - INFO - mkspecbias.py:53 - Processing file: 0004971621-20250205-OSIRIS-OsirisBias.fits
2025-02-07 09:25:01 - PyLongslit - INFO - mkspecbias.py:65 - File 0004971621-20250205-OSIRIS-OsirisBias.fits processed.

2025-02-07 09:25:01 - PyLongslit - INFO - mkspecbias.py:53 - Processing file: 0004971622-20250205-OSIRIS-OsirisBias.fits
2025-02-07 09:25:01 - PyLongslit - INFO - mkspecbias.py:65 - File 0004971622-20250205-OSIRIS-OsirisBias.fits processed.

2025-02-07 09:25:02 - PyLongslit - INFO - mkspecbias.py:70 - Bias frames processed.
2025-02-07 09:25:02 - PyLongslit - INFO - mkspecbias.py:71 - Attaching header and writing to disc...
2025-02-07 09:25:02 - PyLongslit - INFO - mkspecbias.py:78 - Master bias frame written to disc at in /home/kostas/Documents/DAWN_FULL_BACKUP/DAWN/linsed_quasars_data/bluewhale1737102147140/Kostas/GTCMULTIPLE2H-24B/OB0019/out, filename master_bias.fits
2025-02-07 09:25:20 - PyLongslit - INFO - logger.py:69 - Logger initialized. Log will be saved in /home/kostas/Documents/PyLongslit/config_OB0019.log.
2025-02-07 09:25:20 - PyLongslit - INFO - parser.py:21 - Config file found. Loading user parameters...
2025-02-07 09:25:20 - PyLongslit - INFO - parser.py:37 - User parameters loaded successfully.
2025-02-07 09:25:21 - PyLongslit - INFO - combine_arcs.py:18 - Fetching arc frames...
2025-02-07 09:25:21 - PyLongslit - INFO - combine_arcs.py:28 - Found 3 raw arc files:
2025-02-07 09:25:21 - PyLongslit - INFO - overscan.py:119 - Overscan subtraction is disabled.
2025-02-07 09:25:21 - PyLongslit - INFO - overscan.py:120 - Skipping overscan subtraction...
2025-02-07 09:25:21 - PyLongslit - WARNING - combine_arcs.py:43 - Skipping bias subtraction in arc combination.
2025-02-07 09:25:21 - PyLongslit - WARNING - combine_arcs.py:44 - This is requested in the config file.
2025-02-07 09:25:21 - PyLongslit - INFO - combine_arcs.py:62 - Combining arc frames...
2025-02-07 09:25:21 - PyLongslit - INFO - utils.py:423 - Flipping the image to make wavelengths increase with x-pixels...
2025-02-07 09:25:21 - PyLongslit - INFO - combine_arcs.py:80 - Master arc created successfully, writing to disc...
2025-02-07 09:25:21 - PyLongslit - INFO - combine_arcs.py:85 - Master arc written to disc in directory /home/kostas/Documents/DAWN_FULL_BACKUP/DAWN/linsed_quasars_data/bluewhale1737102147140/Kostas/GTCMULTIPLE2H-24B/OB0019/out, filename 'master_arc.fits'.
2025-02-07 09:25:42 - PyLongslit - INFO - logger.py:69 - Logger initialized. Log will be saved in /home/kostas/Documents/PyLongslit/config_OB0019.log.
2025-02-07 09:25:42 - PyLongslit - INFO - wavecalib.py:1364 - Starting wavelength calibration routine...
2025-02-07 09:25:42 - PyLongslit - INFO - parser.py:21 - Config file found. Loading user parameters...
2025-02-07 09:25:42 - PyLongslit - INFO - parser.py:37 - User parameters loaded successfully.
2025-02-07 09:25:42 - PyLongslit - INFO - wavecalib.py:55 - Trying to read pixtable table from /home/kostas/Documents/PyLongslit/output_OSIRIS/OSIRIS_R1000R_pixtable.dat...
2025-02-07 09:25:42 - PyLongslit - INFO - wavecalib.py:61 - Pixtable read successfully.
2025-02-07 09:25:42 - PyLongslit - INFO - wavecalib.py:86 - Trying to fetch the master arc frame...
2025-02-07 09:25:42 - PyLongslit - INFO - wavecalib.py:95 - Master arc fetched successfully.
2025-02-07 09:25:42 - PyLongslit - INFO - wavecalib.py:1370 - Reidentifying the lines...
2025-02-07 09:25:43 - PyLongslit - WARNING - wavecalib.py:108 - Line could not be identified with a Gaussian fit. Current FWHM guess is 6.5.
2025-02-07 09:25:43 - PyLongslit - WARNING - wavecalib.py:109 - This is expected for some lines, but pay attention to the upcoming quality assessment plots.
2025-02-07 09:25:43 - PyLongslit - WARNING - wavecalib.py:108 - Line could not be identified with a Gaussian fit. Current FWHM guess is 6.5.
2025-02-07 09:25:43 - PyLongslit - WARNING - wavecalib.py:109 - This is expected for some lines, but pay attention to the upcoming quality assessment plots.
2025-02-07 09:25:43 - PyLongslit - WARNING - wavecalib.py:108 - Line could not be identified with a Gaussian fit. Current FWHM guess is 6.5.
2025-02-07 09:25:43 - PyLongslit - WARNING - wavecalib.py:109 - This is expected for some lines, but pay attention to the upcoming quality assessment plots.
2025-02-07 09:25:43 - PyLongslit - WARNING - wavecalib.py:108 - Line could not be identified with a Gaussian fit. Current FWHM guess is 6.5.
2025-02-07 09:25:43 - PyLongslit - WARNING - wavecalib.py:109 - This is expected for some lines, but pay attention to the upcoming quality assessment plots.
2025-02-07 09:25:43 - PyLongslit - WARNING - wavecalib.py:108 - Line could not be identified with a Gaussian fit. Current FWHM guess is 6.5.
2025-02-07 09:25:43 - PyLongslit - WARNING - wavecalib.py:109 - This is expected for some lines, but pay attention to the upcoming quality assessment plots.
2025-02-07 09:25:43 - PyLongslit - WARNING - wavecalib.py:108 - Line could not be identified with a Gaussian fit. Current FWHM guess is 6.5.
2025-02-07 09:25:43 - PyLongslit - WARNING - wavecalib.py:109 - This is expected for some lines, but pay attention to the upcoming quality assessment plots.
2025-02-07 09:26:01 - PyLongslit - INFO - wavecalib.py:1169 - Writing wavelen fit results to disc...
2025-02-07 09:26:01 - PyLongslit - INFO - wavecalib.py:1182 - 2D tilt fit results written to disc in /home/kostas/Documents/DAWN_FULL_BACKUP/DAWN/linsed_quasars_data/bluewhale1737102147140/Kostas/GTCMULTIPLE2H-24B/OB0019/out, filename wavelen_fit.pkl.
2025-02-07 09:26:01 - PyLongslit - INFO - wavecalib.py:1376 - Reidentification done.
2025-02-07 09:26:01 - PyLongslit - INFO - wavecalib.py:1377 - Starting tilt tracing...
2025-02-07 09:26:01 - PyLongslit - INFO - wavecalib.py:379 - Tracing the tilts of the lines in the arc spectrum...
2025-02-07 09:26:01 - PyLongslit - INFO - wavecalib.py:438 - Tracing line-tilt at pixel 199.11...
2025-02-07 09:26:19 - PyLongslit - INFO - wavecalib.py:327 - Line traced successfully at pixel 199.52125829351885.
2025-02-07 09:26:19 - PyLongslit - INFO - wavecalib.py:438 - Tracing line-tilt at pixel 340.78...
2025-02-07 09:26:37 - PyLongslit - INFO - wavecalib.py:327 - Line traced successfully at pixel 341.2491589387141.
2025-02-07 09:26:37 - PyLongslit - INFO - wavecalib.py:438 - Tracing line-tilt at pixel 350.2...
2025-02-07 09:26:56 - PyLongslit - INFO - wavecalib.py:327 - Line traced successfully at pixel 350.61014383266235.
2025-02-07 09:26:56 - PyLongslit - INFO - wavecalib.py:438 - Tracing line-tilt at pixel 377.54...
2025-02-07 09:27:14 - PyLongslit - INFO - wavecalib.py:327 - Line traced successfully at pixel 378.021507630761.
2025-02-07 09:27:14 - PyLongslit - INFO - wavecalib.py:438 - Tracing line-tilt at pixel 390.5...
2025-02-07 09:27:34 - PyLongslit - INFO - wavecalib.py:327 - Line traced successfully at pixel 390.9648491597087.
2025-02-07 09:27:34 - PyLongslit - INFO - wavecalib.py:438 - Tracing line-tilt at pixel 418.1...
2025-02-07 09:27:55 - PyLongslit - INFO - wavecalib.py:327 - Line traced successfully at pixel 418.51988928371924.
2025-02-07 09:27:55 - PyLongslit - INFO - wavecalib.py:438 - Tracing line-tilt at pixel 431.42...
2025-02-07 09:28:15 - PyLongslit - INFO - wavecalib.py:327 - Line traced successfully at pixel 431.88825509092015.
2025-02-07 09:28:15 - PyLongslit - INFO - wavecalib.py:438 - Tracing line-tilt at pixel 474.21...
2025-02-07 09:28:35 - PyLongslit - INFO - wavecalib.py:327 - Line traced successfully at pixel 474.59204034228094.
2025-02-07 09:28:35 - PyLongslit - INFO - wavecalib.py:438 - Tracing line-tilt at pixel 483.51...
2025-02-07 09:28:55 - PyLongslit - INFO - wavecalib.py:327 - Line traced successfully at pixel 483.9804915374416.
2025-02-07 09:28:55 - PyLongslit - INFO - wavecalib.py:438 - Tracing line-tilt at pixel 503.56...
2025-02-07 09:29:13 - PyLongslit - WARNING - wavecalib.py:108 - Too many bad fits with R2 below 0.95 in the tilt trace. The selection parameters for this are: TILT_REJECT_LINE_FRACTION = 0.5, corresponding to 1028.0 lines, and TILT_TRACE_R2_TOL. = 0.95
2025-02-07 09:29:13 - PyLongslit - WARNING - wavecalib.py:109 - This is expected for some lines, but pay attention to the upcoming quality assessment plots.
2025-02-07 09:29:13 - PyLongslit - INFO - wavecalib.py:438 - Tracing line-tilt at pixel 512.34...
2025-02-07 09:29:36 - PyLongslit - INFO - wavecalib.py:327 - Line traced successfully at pixel 512.7432711230101.
2025-02-07 09:29:36 - PyLongslit - INFO - wavecalib.py:438 - Tracing line-tilt at pixel 555.86...
2025-02-07 09:29:58 - PyLongslit - INFO - wavecalib.py:327 - Line traced successfully at pixel 556.295845148796.
2025-02-07 09:29:58 - PyLongslit - INFO - wavecalib.py:438 - Tracing line-tilt at pixel 584.36...
2025-02-07 09:30:18 - PyLongslit - INFO - wavecalib.py:327 - Line traced successfully at pixel 584.7821494420151.
2025-02-07 09:30:21 - PyLongslit - INFO - wavecalib.py:438 - Tracing line-tilt at pixel 612.57...
2025-02-07 09:30:44 - PyLongslit - INFO - wavecalib.py:327 - Line traced successfully at pixel 613.056135301909.
2025-02-07 09:30:44 - PyLongslit - INFO - wavecalib.py:438 - Tracing line-tilt at pixel 655.66...
2025-02-07 09:31:03 - PyLongslit - INFO - wavecalib.py:327 - Line traced successfully at pixel 656.1283698326531.
2025-02-07 09:31:03 - PyLongslit - INFO - wavecalib.py:438 - Tracing line-tilt at pixel 693.51...
2025-02-07 09:31:24 - PyLongslit - INFO - wavecalib.py:327 - Line traced successfully at pixel 693.9699995033723.
2025-02-07 09:31:24 - PyLongslit - INFO - wavecalib.py:438 - Tracing line-tilt at pixel 725.73...
2025-02-07 09:31:42 - PyLongslit - INFO - wavecalib.py:327 - Line traced successfully at pixel 726.1864795136736.
2025-02-07 09:31:42 - PyLongslit - INFO - wavecalib.py:438 - Tracing line-tilt at pixel 741.42...
2025-02-07 09:32:00 - PyLongslit - INFO - wavecalib.py:327 - Line traced successfully at pixel 741.8557319740378.
2025-02-07 09:32:00 - PyLongslit - INFO - wavecalib.py:438 - Tracing line-tilt at pixel 826.39...
2025-02-07 09:32:18 - PyLongslit - INFO - wavecalib.py:327 - Line traced successfully at pixel 826.8370061545127.
2025-02-07 09:32:18 - PyLongslit - INFO - wavecalib.py:438 - Tracing line-tilt at pixel 867.05...
2025-02-07 09:32:37 - PyLongslit - INFO - wavecalib.py:327 - Line traced successfully at pixel 867.4721932359666.
2025-02-07 09:32:37 - PyLongslit - INFO - wavecalib.py:438 - Tracing line-tilt at pixel 922.47...
2025-02-07 09:32:57 - PyLongslit - INFO - wavecalib.py:327 - Line traced successfully at pixel 922.9165205667094.
2025-02-07 09:32:57 - PyLongslit - INFO - wavecalib.py:438 - Tracing line-tilt at pixel 950.16...
2025-02-07 09:33:13 - PyLongslit - WARNING - wavecalib.py:108 - Too many bad fits with R2 below 0.95 in the tilt trace. The selection parameters for this are: TILT_REJECT_LINE_FRACTION = 0.5, corresponding to 1028.0 lines, and TILT_TRACE_R2_TOL. = 0.95
2025-02-07 09:33:13 - PyLongslit - WARNING - wavecalib.py:109 - This is expected for some lines, but pay attention to the upcoming quality assessment plots.
2025-02-07 09:33:13 - PyLongslit - INFO - wavecalib.py:438 - Tracing line-tilt at pixel 1099.46...
2025-02-07 09:33:31 - PyLongslit - INFO - wavecalib.py:327 - Line traced successfully at pixel 1099.9308187643555.
2025-02-07 09:33:31 - PyLongslit - INFO - wavecalib.py:438 - Tracing line-tilt at pixel 1133.04...
2025-02-07 09:33:53 - PyLongslit - INFO - wavecalib.py:327 - Line traced successfully at pixel 1133.5012133280777.
2025-02-07 09:33:53 - PyLongslit - INFO - wavecalib.py:438 - Tracing line-tilt at pixel 1321.44...
2025-02-07 09:34:10 - PyLongslit - WARNING - wavecalib.py:108 - Too many bad fits with R2 below 0.95 in the tilt trace. The selection parameters for this are: TILT_REJECT_LINE_FRACTION = 0.5, corresponding to 1028.0 lines, and TILT_TRACE_R2_TOL. = 0.95
2025-02-07 09:34:10 - PyLongslit - WARNING - wavecalib.py:109 - This is expected for some lines, but pay attention to the upcoming quality assessment plots.
2025-02-07 09:34:10 - PyLongslit - INFO - wavecalib.py:438 - Tracing line-tilt at pixel 1374.74...
2025-02-07 09:34:26 - PyLongslit - INFO - wavecalib.py:327 - Line traced successfully at pixel 1375.2136902066413.
2025-02-07 09:34:26 - PyLongslit - INFO - wavecalib.py:438 - Tracing line-tilt at pixel 1534.15...
2025-02-07 09:34:43 - PyLongslit - WARNING - wavecalib.py:108 - Too many bad fits with R2 below 0.95 in the tilt trace. The selection parameters for this are: TILT_REJECT_LINE_FRACTION = 0.5, corresponding to 1028.0 lines, and TILT_TRACE_R2_TOL. = 0.95
2025-02-07 09:34:43 - PyLongslit - WARNING - wavecalib.py:109 - This is expected for some lines, but pay attention to the upcoming quality assessment plots.
2025-02-07 09:34:43 - PyLongslit - INFO - wavecalib.py:438 - Tracing line-tilt at pixel 1581.54...
2025-02-07 09:35:00 - PyLongslit - INFO - wavecalib.py:327 - Line traced successfully at pixel 1582.0217544240884.
2025-02-07 09:35:06 - PyLongslit - INFO - wavecalib.py:438 - Tracing line-tilt at pixel 1614.66...
2025-02-07 09:35:23 - PyLongslit - INFO - wavecalib.py:327 - Line traced successfully at pixel 1615.1527420351285.
2025-02-07 09:35:23 - PyLongslit - INFO - wavecalib.py:438 - Tracing line-tilt at pixel 1656.15...
2025-02-07 09:35:41 - PyLongslit - INFO - wavecalib.py:327 - Line traced successfully at pixel 1656.6462738750574.
2025-02-07 09:35:41 - PyLongslit - INFO - wavecalib.py:438 - Tracing line-tilt at pixel 1879.06...
2025-02-07 09:35:58 - PyLongslit - INFO - wavecalib.py:327 - Line traced successfully at pixel 1879.5899604418687.
2025-02-07 09:35:58 - PyLongslit - INFO - wavecalib.py:438 - Tracing line-tilt at pixel 1921.83...
2025-02-07 09:36:16 - PyLongslit - WARNING - wavecalib.py:108 - Too many bad fits with R2 below 0.95 in the tilt trace. The selection parameters for this are: TILT_REJECT_LINE_FRACTION = 0.5, corresponding to 1028.0 lines, and TILT_TRACE_R2_TOL. = 0.95
2025-02-07 09:36:16 - PyLongslit - WARNING - wavecalib.py:109 - This is expected for some lines, but pay attention to the upcoming quality assessment plots.
2025-02-07 09:36:20 - PyLongslit - INFO - wavecalib.py:649 - Line tilt tracing done.
2025-02-07 09:36:20 - PyLongslit - INFO - wavecalib.py:650 - Number of good traces: 27 out of 32.
2025-02-07 09:36:20 - PyLongslit - INFO - wavecalib.py:651 - Number of good fits: 27 out of 27.
2025-02-07 09:36:20 - PyLongslit - INFO - wavecalib.py:1224 - Writing good tilt lines to disc...
2025-02-07 09:36:20 - PyLongslit - INFO - wavecalib.py:1237 - Good tilt lines written to disc.
2025-02-07 09:36:20 - PyLongslit - INFO - wavecalib.py:921 - Preparing to fit a 2d polynomial tilt through whole delector...
2025-02-07 09:36:20 - PyLongslit - INFO - wavecalib.py:928 - Fitting a 2d tilt solution of order 1 in spectral direction and order 3 in spatial direction to reidentified lines...
2025-02-07 09:36:23 - PyLongslit - INFO - wavecalib.py:1193 - Writing tilt fit results to disc...
2025-02-07 09:36:23 - PyLongslit - INFO - wavecalib.py:1206 - 2D tilt fit results written to disc in /home/kostas/Documents/DAWN_FULL_BACKUP/DAWN/linsed_quasars_data/bluewhale1737102147140/Kostas/GTCMULTIPLE2H-24B/OB0019/out, filename tilt_fit.pkl.
2025-02-07 09:36:33 - PyLongslit - INFO - wavecalib.py:1013 - Constructing the detector map...
2025-02-07 09:36:41 - PyLongslit - INFO - wavecalib.py:1406 - Wavelength calibration routine done.
2025-02-07 09:37:03 - PyLongslit - INFO - logger.py:69 - Logger initialized. Log will be saved in /home/kostas/Documents/PyLongslit/config_OB0019.log.
2025-02-07 09:37:03 - PyLongslit - INFO - parser.py:21 - Config file found. Loading user parameters...
2025-02-07 09:37:03 - PyLongslit - INFO - parser.py:37 - User parameters loaded successfully.
2025-02-07 09:37:03 - PyLongslit - INFO - mkspecflat.py:336 - Flat-field procedure running...
2025-02-07 09:37:03 - PyLongslit - INFO - mkspecflat.py:337 - Using the following parameters:
2025-02-07 09:37:03 - PyLongslit - INFO - mkspecflat.py:338 - xsize = 2073
2025-02-07 09:37:03 - PyLongslit - INFO - mkspecflat.py:339 - ysize = 2056
2025-02-07 09:37:03 - PyLongslit - INFO - mkspecflat.py:344 - Found 5 flat frames.
2025-02-07 09:37:03 - PyLongslit - INFO - mkspecflat.py:345 - Files used for flat-fielding:
2025-02-07 09:37:03 - PyLongslit - INFO - utils.py:209 - All files have the correct dimensions.
2025-02-07 09:37:03 - PyLongslit - INFO - mkspecflat.py:364 - Fetching the master bias frame...
2025-02-07 09:37:03 - PyLongslit - INFO - mkspecflat.py:369 - Master bias frame found and loaded.
2025-02-07 09:37:03 - PyLongslit - INFO - mkspecflat.py:378 - Processing file: 0004971909-20250205-OSIRIS-OsirisSpectralFlat.fits
2025-02-07 09:37:03 - PyLongslit - INFO - mkspecflat.py:389 - Subtracted the bias.
2025-02-07 09:37:03 - PyLongslit - INFO - mkspecflat.py:401 - File 0004971909-20250205-OSIRIS-OsirisSpectralFlat.fits processed.

2025-02-07 09:37:03 - PyLongslit - INFO - mkspecflat.py:378 - Processing file: 0004971910-20250205-OSIRIS-OsirisSpectralFlat.fits
2025-02-07 09:37:03 - PyLongslit - INFO - mkspecflat.py:389 - Subtracted the bias.
2025-02-07 09:37:03 - PyLongslit - INFO - mkspecflat.py:401 - File 0004971910-20250205-OSIRIS-OsirisSpectralFlat.fits processed.

2025-02-07 09:37:03 - PyLongslit - INFO - mkspecflat.py:378 - Processing file: 0004971911-20250205-OSIRIS-OsirisSpectralFlat.fits
2025-02-07 09:37:03 - PyLongslit - INFO - mkspecflat.py:389 - Subtracted the bias.
2025-02-07 09:37:03 - PyLongslit - INFO - mkspecflat.py:401 - File 0004971911-20250205-OSIRIS-OsirisSpectralFlat.fits processed.

2025-02-07 09:37:03 - PyLongslit - INFO - mkspecflat.py:378 - Processing file: 0004971912-20250205-OSIRIS-OsirisSpectralFlat.fits
2025-02-07 09:37:03 - PyLongslit - INFO - mkspecflat.py:389 - Subtracted the bias.
2025-02-07 09:37:03 - PyLongslit - INFO - mkspecflat.py:401 - File 0004971912-20250205-OSIRIS-OsirisSpectralFlat.fits processed.

2025-02-07 09:37:03 - PyLongslit - INFO - mkspecflat.py:378 - Processing file: 0004971913-20250205-OSIRIS-OsirisSpectralFlat.fits
2025-02-07 09:37:03 - PyLongslit - INFO - mkspecflat.py:389 - Subtracted the bias.
2025-02-07 09:37:03 - PyLongslit - INFO - mkspecflat.py:401 - File 0004971913-20250205-OSIRIS-OsirisSpectralFlat.fits processed.

2025-02-07 09:37:03 - PyLongslit - INFO - mkspecflat.py:403 - Normalizing the final master flat-field....
2025-02-07 09:37:06 - PyLongslit - INFO - wavecalib.py:1252 - Loading 1D wavelength solution from disc...
2025-02-07 09:37:06 - PyLongslit - INFO - wavecalib.py:1261 - Wavelength solution loaded.
2025-02-07 09:37:06 - PyLongslit - INFO - wavecalib.py:1281 - Loading 2D tilt solution from disc...
2025-02-07 09:37:06 - PyLongslit - INFO - wavecalib.py:1290 - Tilt solution loaded.
2025-02-07 09:37:19 - PyLongslit - INFO - utils.py:423 - Flipping the image to make wavelengths increase with x-pixels...
2025-02-07 09:37:19 - PyLongslit - INFO - utils.py:423 - Flipping the image to make wavelengths increase with x-pixels...
2025-02-07 09:38:09 - PyLongslit - INFO - mkspecflat.py:475 - Flat frames processed.
2025-02-07 09:38:09 - PyLongslit - INFO - mkspecflat.py:477 - Mean pixel value of the final master flat-field: 1.0 (should be 1.0).
2025-02-07 09:38:09 - PyLongslit - INFO - mkspecflat.py:504 - Attaching header and writing to disc...
2025-02-07 09:38:09 - PyLongslit - INFO - mkspecflat.py:511 - Master flat frame written to disc in /home/kostas/Documents/DAWN_FULL_BACKUP/DAWN/linsed_quasars_data/bluewhale1737102147140/Kostas/GTCMULTIPLE2H-24B/OB0019/out, filename master_flat.fits
2025-02-07 09:38:29 - PyLongslit - INFO - logger.py:69 - Logger initialized. Log will be saved in /home/kostas/Documents/PyLongslit/config_OB0019.log.
2025-02-07 09:38:29 - PyLongslit - INFO - parser.py:21 - Config file found. Loading user parameters...
2025-02-07 09:38:29 - PyLongslit - INFO - parser.py:37 - User parameters loaded successfully.
2025-02-07 09:38:29 - PyLongslit - INFO - crremoval.py:119 - Cosmic-ray removal procedure running...
2025-02-07 09:38:29 - PyLongslit - INFO - crremoval.py:120 - Using the following detector parameters:
2025-02-07 09:38:29 - PyLongslit - INFO - crremoval.py:121 - gain = 1.9
2025-02-07 09:38:29 - PyLongslit - INFO - crremoval.py:122 - read_out_noise = 4.3
2025-02-07 09:38:29 - PyLongslit - INFO - crremoval.py:146 - Removing cosmic rays from 1 standard star frames:
2025-02-07 09:38:29 - PyLongslit - INFO - crremoval.py:57 - Checking detector dimensions of the files...
2025-02-07 09:38:29 - PyLongslit - INFO - utils.py:209 - All files have the correct dimensions.
2025-02-07 09:38:29 - PyLongslit - INFO - crremoval.py:61 - Removing cosmic rays from 0004971738-20250205-OSIRIS-OsirisLongSlitSpectroscopy.fits...
2025-02-07 09:38:30 - PyLongslit - INFO - crremoval.py:79 - Cosmic rays removed on 0004971738-20250205-OSIRIS-OsirisLongSlitSpectroscopy.fits.
2025-02-07 09:38:30 - PyLongslit - INFO - crremoval.py:81 - Writing output to disc...
2025-02-07 09:38:30 - PyLongslit - INFO - crremoval.py:92 - Cosmic-ray removed file written to disc at in /home/kostas/Documents/DAWN_FULL_BACKUP/DAWN/linsed_quasars_data/bluewhale1737102147140/Kostas/GTCMULTIPLE2H-24B/OB0019/out, filename crr_std_0004971738-20250205-OSIRIS-OsirisLongSlitSpectroscopy.fits.
2025-02-07 09:38:30 - PyLongslit - INFO - crremoval.py:156 - Removing cosmic rays from 3 science frames:
2025-02-07 09:38:30 - PyLongslit - INFO - crremoval.py:57 - Checking detector dimensions of the files...
2025-02-07 09:38:30 - PyLongslit - INFO - utils.py:209 - All files have the correct dimensions.
2025-02-07 09:38:30 - PyLongslit - INFO - crremoval.py:61 - Removing cosmic rays from 0004971833-20250205-OSIRIS-OsirisLongSlitSpectroscopy.fits...
2025-02-07 09:38:31 - PyLongslit - INFO - crremoval.py:79 - Cosmic rays removed on 0004971833-20250205-OSIRIS-OsirisLongSlitSpectroscopy.fits.
2025-02-07 09:38:31 - PyLongslit - INFO - crremoval.py:81 - Writing output to disc...
2025-02-07 09:38:31 - PyLongslit - INFO - crremoval.py:92 - Cosmic-ray removed file written to disc at in /home/kostas/Documents/DAWN_FULL_BACKUP/DAWN/linsed_quasars_data/bluewhale1737102147140/Kostas/GTCMULTIPLE2H-24B/OB0019/out, filename crr_science_0004971833-20250205-OSIRIS-OsirisLongSlitSpectroscopy.fits.
2025-02-07 09:38:31 - PyLongslit - INFO - crremoval.py:61 - Removing cosmic rays from 0004971834-20250205-OSIRIS-OsirisLongSlitSpectroscopy.fits...
2025-02-07 09:38:31 - PyLongslit - INFO - crremoval.py:79 - Cosmic rays removed on 0004971834-20250205-OSIRIS-OsirisLongSlitSpectroscopy.fits.
2025-02-07 09:38:31 - PyLongslit - INFO - crremoval.py:81 - Writing output to disc...
2025-02-07 09:38:31 - PyLongslit - INFO - crremoval.py:92 - Cosmic-ray removed file written to disc at in /home/kostas/Documents/DAWN_FULL_BACKUP/DAWN/linsed_quasars_data/bluewhale1737102147140/Kostas/GTCMULTIPLE2H-24B/OB0019/out, filename crr_science_0004971834-20250205-OSIRIS-OsirisLongSlitSpectroscopy.fits.
2025-02-07 09:38:31 - PyLongslit - INFO - crremoval.py:61 - Removing cosmic rays from 0004971835-20250205-OSIRIS-OsirisLongSlitSpectroscopy.fits...
2025-02-07 09:38:32 - PyLongslit - INFO - crremoval.py:79 - Cosmic rays removed on 0004971835-20250205-OSIRIS-OsirisLongSlitSpectroscopy.fits.
2025-02-07 09:38:32 - PyLongslit - INFO - crremoval.py:81 - Writing output to disc...
2025-02-07 09:38:32 - PyLongslit - INFO - crremoval.py:92 - Cosmic-ray removed file written to disc at in /home/kostas/Documents/DAWN_FULL_BACKUP/DAWN/linsed_quasars_data/bluewhale1737102147140/Kostas/GTCMULTIPLE2H-24B/OB0019/out, filename crr_science_0004971835-20250205-OSIRIS-OsirisLongSlitSpectroscopy.fits.
2025-02-07 09:38:32 - PyLongslit - INFO - crremoval.py:165 - Cosmic-ray removal procedure finished.
2025-02-07 09:38:45 - PyLongslit - INFO - logger.py:69 - Logger initialized. Log will be saved in /home/kostas/Documents/PyLongslit/config_OB0019.log.
2025-02-07 09:38:45 - PyLongslit - INFO - parser.py:21 - Config file found. Loading user parameters...
2025-02-07 09:38:45 - PyLongslit - INFO - parser.py:37 - User parameters loaded successfully.
2025-02-07 09:38:45 - PyLongslit - INFO - utils.py:822 - Fetching the master bias frame...
2025-02-07 09:38:45 - PyLongslit - INFO - utils.py:833 - Master bias frame found and loaded.
2025-02-07 09:38:45 - PyLongslit - INFO - utils.py:838 - Fetching the master flat frame...
2025-02-07 09:38:45 - PyLongslit - INFO - utils.py:849 - Master flat frame found and loaded.
2025-02-07 09:38:45 - PyLongslit - INFO - reduce.py:164 - Fetching cosmic-ray removed files from /home/kostas/Documents/DAWN_FULL_BACKUP/DAWN/linsed_quasars_data/bluewhale1737102147140/Kostas/GTCMULTIPLE2H-24B/OB0019/out ...
2025-02-07 09:38:45 - PyLongslit - INFO - reduce.py:32 - Found 3 cosmic-ray removed science files.
2025-02-07 09:38:45 - PyLongslit - INFO - reduce.py:33 - Found 1 cosmic-ray removed standard star files.
2025-02-07 09:38:45 - PyLongslit - INFO - reduce.py:173 - Reducing following standard star frames:
2025-02-07 09:38:45 - PyLongslit - INFO - reduce.py:101 - Reducing frame crr_std_0004971738-20250205-OSIRIS-OsirisLongSlitSpectroscopy.fits ...
2025-02-07 09:38:45 - PyLongslit - INFO - reduce.py:60 - Subtracting the bias...
2025-02-07 09:38:45 - PyLongslit - INFO - reduce.py:63 - Dividing by the master flat frame...
2025-02-07 09:38:45 - PyLongslit - INFO - utils.py:423 - Flipping the image to make wavelengths increase with x-pixels...
2025-02-07 09:38:45 - PyLongslit - INFO - reduce.py:119 - Frame reduced, writing to disc...
2025-02-07 09:38:45 - PyLongslit - INFO - reduce.py:132 - Frame written to directory /home/kostas/Documents/DAWN_FULL_BACKUP/DAWN/linsed_quasars_data/bluewhale1737102147140/Kostas/GTCMULTIPLE2H-24B/OB0019/out, filename reduced_std_0004971738-20250205-OSIRIS-OsirisLongSlitSpectroscopy.fits
2025-02-07 09:38:45 - PyLongslit - INFO - reduce.py:185 - Reducing following science frames:
2025-02-07 09:38:45 - PyLongslit - INFO - reduce.py:101 - Reducing frame crr_science_0004971833-20250205-OSIRIS-OsirisLongSlitSpectroscopy.fits ...
2025-02-07 09:38:45 - PyLongslit - INFO - reduce.py:60 - Subtracting the bias...
2025-02-07 09:38:46 - PyLongslit - INFO - reduce.py:63 - Dividing by the master flat frame...
2025-02-07 09:38:46 - PyLongslit - INFO - utils.py:423 - Flipping the image to make wavelengths increase with x-pixels...
2025-02-07 09:38:46 - PyLongslit - INFO - reduce.py:119 - Frame reduced, writing to disc...
2025-02-07 09:38:46 - PyLongslit - INFO - reduce.py:132 - Frame written to directory /home/kostas/Documents/DAWN_FULL_BACKUP/DAWN/linsed_quasars_data/bluewhale1737102147140/Kostas/GTCMULTIPLE2H-24B/OB0019/out, filename reduced_science_0004971833-20250205-OSIRIS-OsirisLongSlitSpectroscopy.fits
2025-02-07 09:38:46 - PyLongslit - INFO - reduce.py:101 - Reducing frame crr_science_0004971834-20250205-OSIRIS-OsirisLongSlitSpectroscopy.fits ...
2025-02-07 09:38:46 - PyLongslit - INFO - reduce.py:60 - Subtracting the bias...
2025-02-07 09:38:46 - PyLongslit - INFO - reduce.py:63 - Dividing by the master flat frame...
2025-02-07 09:38:46 - PyLongslit - INFO - utils.py:423 - Flipping the image to make wavelengths increase with x-pixels...
2025-02-07 09:38:46 - PyLongslit - INFO - reduce.py:119 - Frame reduced, writing to disc...
2025-02-07 09:38:46 - PyLongslit - INFO - reduce.py:132 - Frame written to directory /home/kostas/Documents/DAWN_FULL_BACKUP/DAWN/linsed_quasars_data/bluewhale1737102147140/Kostas/GTCMULTIPLE2H-24B/OB0019/out, filename reduced_science_0004971834-20250205-OSIRIS-OsirisLongSlitSpectroscopy.fits
2025-02-07 09:38:46 - PyLongslit - INFO - reduce.py:101 - Reducing frame crr_science_0004971835-20250205-OSIRIS-OsirisLongSlitSpectroscopy.fits ...
2025-02-07 09:38:46 - PyLongslit - INFO - reduce.py:60 - Subtracting the bias...
2025-02-07 09:38:46 - PyLongslit - INFO - reduce.py:63 - Dividing by the master flat frame...
2025-02-07 09:38:46 - PyLongslit - INFO - utils.py:423 - Flipping the image to make wavelengths increase with x-pixels...
2025-02-07 09:38:46 - PyLongslit - INFO - reduce.py:119 - Frame reduced, writing to disc...
2025-02-07 09:38:46 - PyLongslit - INFO - reduce.py:132 - Frame written to directory /home/kostas/Documents/DAWN_FULL_BACKUP/DAWN/linsed_quasars_data/bluewhale1737102147140/Kostas/GTCMULTIPLE2H-24B/OB0019/out, filename reduced_science_0004971835-20250205-OSIRIS-OsirisLongSlitSpectroscopy.fits
2025-02-07 09:39:05 - PyLongslit - INFO - logger.py:69 - Logger initialized. Log will be saved in /home/kostas/Documents/PyLongslit/config_OB0019.log.
2025-02-07 09:39:05 - PyLongslit - INFO - parser.py:21 - Config file found. Loading user parameters...
2025-02-07 09:39:05 - PyLongslit - INFO - parser.py:37 - User parameters loaded successfully.
2025-02-07 09:39:05 - PyLongslit - INFO - utils.py:456 - Found 4 frames:
2025-02-07 09:39:05 - PyLongslit - INFO - subtract_background.py:12 - Found 3 object - background pairs.
2025-02-07 09:39:05 - PyLongslit - INFO - subtract_background.py:24 - All files found in reduced files.
2025-02-07 09:39:39 - PyLongslit - INFO - subtract_background.py:74 - Saving subtracted image reduced_science_0004971834-20250205-OSIRIS-OsirisLongSlitSpectroscopy.fits to disc.
2025-02-07 09:39:39 - PyLongslit - INFO - subtract_background.py:74 - Saving subtracted image reduced_science_0004971833-20250205-OSIRIS-OsirisLongSlitSpectroscopy.fits to disc.
2025-02-07 09:39:39 - PyLongslit - INFO - subtract_background.py:74 - Saving subtracted image reduced_science_0004971835-20250205-OSIRIS-OsirisLongSlitSpectroscopy.fits to disc.
2025-02-07 09:39:39 - PyLongslit - INFO - subtract_background.py:77 - Subtracted images saved to disc.
2025-02-07 09:39:52 - PyLongslit - INFO - logger.py:69 - Logger initialized. Log will be saved in /home/kostas/Documents/PyLongslit/config_OB0019.log.
2025-02-07 09:39:52 - PyLongslit - INFO - parser.py:21 - Config file found. Loading user parameters...
2025-02-07 09:39:52 - PyLongslit - INFO - parser.py:37 - User parameters loaded successfully.
2025-02-07 09:39:52 - PyLongslit - INFO - utils.py:456 - Found 4 frames:
2025-02-07 09:42:14 - PyLongslit - INFO - logger.py:69 - Logger initialized. Log will be saved in /home/kostas/Documents/PyLongslit/config_OB0019.log.
2025-02-07 09:42:14 - PyLongslit - INFO - skysubtract.py:375 - Starting the 1d extraction process...
2025-02-07 09:42:14 - PyLongslit - INFO - parser.py:21 - Config file found. Loading user parameters...
2025-02-07 09:42:14 - PyLongslit - INFO - parser.py:37 - User parameters loaded successfully.
2025-02-07 09:42:14 - PyLongslit - INFO - utils.py:456 - Found 4 frames:
2025-02-07 09:42:14 - PyLongslit - INFO - utils.py:515 - Starting object-choosing GUI. Follow the instructions on the plots.
2025-02-07 09:42:31 - PyLongslit - INFO - utils.py:548 - Object centers chosen successfully:
2025-02-07 09:42:34 - PyLongslit - INFO - skysubtract.py:228 - Creating sky map for reduced_science_0004971834-20250205-OSIRIS-OsirisLongSlitSpectroscopy.fits...
2025-02-07 09:42:36 - PyLongslit - INFO - skysubtract.py:320 - Sky map created for reduced_science_0004971834-20250205-OSIRIS-OsirisLongSlitSpectroscopy.fits
2025-02-07 09:42:36 - PyLongslit - INFO - skysubtract.py:321 - Subtracting the sky background...
2025-02-07 09:42:39 - PyLongslit - INFO - skysubtract.py:228 - Creating sky map for reduced_science_0004971833-20250205-OSIRIS-OsirisLongSlitSpectroscopy.fits...
2025-02-07 09:42:41 - PyLongslit - INFO - skysubtract.py:320 - Sky map created for reduced_science_0004971833-20250205-OSIRIS-OsirisLongSlitSpectroscopy.fits
2025-02-07 09:42:41 - PyLongslit - INFO - skysubtract.py:321 - Subtracting the sky background...
2025-02-07 09:42:44 - PyLongslit - INFO - skysubtract.py:228 - Creating sky map for reduced_science_0004971835-20250205-OSIRIS-OsirisLongSlitSpectroscopy.fits...
2025-02-07 09:42:49 - PyLongslit - INFO - skysubtract.py:320 - Sky map created for reduced_science_0004971835-20250205-OSIRIS-OsirisLongSlitSpectroscopy.fits
2025-02-07 09:42:49 - PyLongslit - INFO - skysubtract.py:321 - Subtracting the sky background...
2025-02-07 09:42:52 - PyLongslit - INFO - skysubtract.py:228 - Creating sky map for reduced_std_0004971738-20250205-OSIRIS-OsirisLongSlitSpectroscopy.fits...
2025-02-07 09:42:54 - PyLongslit - INFO - skysubtract.py:320 - Sky map created for reduced_std_0004971738-20250205-OSIRIS-OsirisLongSlitSpectroscopy.fits
2025-02-07 09:42:54 - PyLongslit - INFO - skysubtract.py:321 - Subtracting the sky background...
2025-02-07 09:42:55 - PyLongslit - INFO - skysubtract.py:364 - Frame written to directory /home/kostas/Documents/DAWN_FULL_BACKUP/DAWN/linsed_quasars_data/bluewhale1737102147140/Kostas/GTCMULTIPLE2H-24B/OB0019/out, filename skysub_science_0004971834-20250205-OSIRIS-OsirisLongSlitSpectroscopy.fits
2025-02-07 09:42:55 - PyLongslit - INFO - skysubtract.py:364 - Frame written to directory /home/kostas/Documents/DAWN_FULL_BACKUP/DAWN/linsed_quasars_data/bluewhale1737102147140/Kostas/GTCMULTIPLE2H-24B/OB0019/out, filename skysub_science_0004971833-20250205-OSIRIS-OsirisLongSlitSpectroscopy.fits
2025-02-07 09:42:55 - PyLongslit - INFO - skysubtract.py:364 - Frame written to directory /home/kostas/Documents/DAWN_FULL_BACKUP/DAWN/linsed_quasars_data/bluewhale1737102147140/Kostas/GTCMULTIPLE2H-24B/OB0019/out, filename skysub_science_0004971835-20250205-OSIRIS-OsirisLongSlitSpectroscopy.fits
2025-02-07 09:42:55 - PyLongslit - INFO - skysubtract.py:364 - Frame written to directory /home/kostas/Documents/DAWN_FULL_BACKUP/DAWN/linsed_quasars_data/bluewhale1737102147140/Kostas/GTCMULTIPLE2H-24B/OB0019/out, filename skysub_std_0004971738-20250205-OSIRIS-OsirisLongSlitSpectroscopy.fits
2025-02-07 09:42:55 - PyLongslit - INFO - skysubtract.py:385 - Sky subtraction complete.
2025-02-07 09:43:12 - PyLongslit - INFO - logger.py:69 - Logger initialized. Log will be saved in /home/kostas/Documents/PyLongslit/config_OB0019.log.
2025-02-07 09:43:12 - PyLongslit - INFO - obj_trace.py:701 - Starting object tracing routine...
2025-02-07 09:43:12 - PyLongslit - INFO - utils.py:474 - Getting skysubtracted files...
2025-02-07 09:43:12 - PyLongslit - INFO - parser.py:21 - Config file found. Loading user parameters...
2025-02-07 09:43:12 - PyLongslit - INFO - parser.py:37 - User parameters loaded successfully.
2025-02-07 09:43:12 - PyLongslit - INFO - utils.py:456 - Found 4 frames:
2025-02-07 09:43:12 - PyLongslit - INFO - utils.py:515 - Starting object-choosing GUI. Follow the instructions on the plots.
2025-02-07 09:43:26 - PyLongslit - INFO - utils.py:548 - Object centers chosen successfully:
2025-02-07 09:43:26 - PyLongslit - INFO - obj_trace.py:642 - Finding object in skysub_science_0004971833-20250205-OSIRIS-OsirisLongSlitSpectroscopy.fits...
2025-02-07 09:43:26 - PyLongslit - INFO - obj_trace.py:528 - Finding object in skysub_science_0004971833-20250205-OSIRIS-OsirisLongSlitSpectroscopy.fits...
2025-02-07 09:43:32 - PyLongslit - INFO - obj_trace.py:554 - Starting interactive user refinement of object limits...
2025-02-07 09:43:32 - PyLongslit - INFO - obj_trace.py:555 - Follow the instructions in the plot.
2025-02-07 09:43:44 - PyLongslit - INFO - obj_trace.py:572 - Fitting object centers and FWHMs...
2025-02-07 09:43:46 - PyLongslit - INFO - obj_trace.py:642 - Finding object in skysub_science_0004971834-20250205-OSIRIS-OsirisLongSlitSpectroscopy.fits...
2025-02-07 09:43:46 - PyLongslit - INFO - obj_trace.py:528 - Finding object in skysub_science_0004971834-20250205-OSIRIS-OsirisLongSlitSpectroscopy.fits...
2025-02-07 09:43:53 - PyLongslit - INFO - obj_trace.py:554 - Starting interactive user refinement of object limits...
2025-02-07 09:43:53 - PyLongslit - INFO - obj_trace.py:555 - Follow the instructions in the plot.
2025-02-07 09:44:01 - PyLongslit - INFO - obj_trace.py:572 - Fitting object centers and FWHMs...
2025-02-07 09:44:03 - PyLongslit - INFO - obj_trace.py:642 - Finding object in skysub_science_0004971835-20250205-OSIRIS-OsirisLongSlitSpectroscopy.fits...
2025-02-07 09:44:03 - PyLongslit - INFO - obj_trace.py:528 - Finding object in skysub_science_0004971835-20250205-OSIRIS-OsirisLongSlitSpectroscopy.fits...
2025-02-07 09:44:09 - PyLongslit - INFO - obj_trace.py:554 - Starting interactive user refinement of object limits...
2025-02-07 09:44:09 - PyLongslit - INFO - obj_trace.py:555 - Follow the instructions in the plot.
2025-02-07 09:44:16 - PyLongslit - INFO - obj_trace.py:572 - Fitting object centers and FWHMs...
2025-02-07 09:44:18 - PyLongslit - INFO - obj_trace.py:642 - Finding object in skysub_std_0004971738-20250205-OSIRIS-OsirisLongSlitSpectroscopy.fits...
2025-02-07 09:44:18 - PyLongslit - INFO - obj_trace.py:528 - Finding object in skysub_std_0004971738-20250205-OSIRIS-OsirisLongSlitSpectroscopy.fits...
2025-02-07 09:44:24 - PyLongslit - INFO - obj_trace.py:554 - Starting interactive user refinement of object limits...
2025-02-07 09:44:24 - PyLongslit - INFO - obj_trace.py:555 - Follow the instructions in the plot.
2025-02-07 09:44:27 - PyLongslit - INFO - obj_trace.py:572 - Fitting object centers and FWHMs...
2025-02-07 09:44:35 - PyLongslit - INFO - obj_trace.py:672 - Writing object trace results to obj_science_0004971833-20250205-OSIRIS-OsirisLongSlitSpectroscopy.dat...
2025-02-07 09:44:35 - PyLongslit - INFO - obj_trace.py:688 - Object trace results written to directory /home/kostas/Documents/DAWN_FULL_BACKUP/DAWN/linsed_quasars_data/bluewhale1737102147140/Kostas/GTCMULTIPLE2H-24B/OB0019/out, filename: obj_science_0004971833-20250205-OSIRIS-OsirisLongSlitSpectroscopy.dat.
2025-02-07 09:44:35 - PyLongslit - INFO - obj_trace.py:672 - Writing object trace results to obj_science_0004971834-20250205-OSIRIS-OsirisLongSlitSpectroscopy.dat...
2025-02-07 09:44:35 - PyLongslit - INFO - obj_trace.py:688 - Object trace results written to directory /home/kostas/Documents/DAWN_FULL_BACKUP/DAWN/linsed_quasars_data/bluewhale1737102147140/Kostas/GTCMULTIPLE2H-24B/OB0019/out, filename: obj_science_0004971834-20250205-OSIRIS-OsirisLongSlitSpectroscopy.dat.
2025-02-07 09:44:35 - PyLongslit - INFO - obj_trace.py:672 - Writing object trace results to obj_science_0004971835-20250205-OSIRIS-OsirisLongSlitSpectroscopy.dat...
2025-02-07 09:44:35 - PyLongslit - INFO - obj_trace.py:688 - Object trace results written to directory /home/kostas/Documents/DAWN_FULL_BACKUP/DAWN/linsed_quasars_data/bluewhale1737102147140/Kostas/GTCMULTIPLE2H-24B/OB0019/out, filename: obj_science_0004971835-20250205-OSIRIS-OsirisLongSlitSpectroscopy.dat.
2025-02-07 09:44:35 - PyLongslit - INFO - obj_trace.py:672 - Writing object trace results to obj_std_0004971738-20250205-OSIRIS-OsirisLongSlitSpectroscopy.dat...
2025-02-07 09:44:35 - PyLongslit - INFO - obj_trace.py:688 - Object trace results written to directory /home/kostas/Documents/DAWN_FULL_BACKUP/DAWN/linsed_quasars_data/bluewhale1737102147140/Kostas/GTCMULTIPLE2H-24B/OB0019/out, filename: obj_std_0004971738-20250205-OSIRIS-OsirisLongSlitSpectroscopy.dat.
2025-02-07 09:44:35 - PyLongslit - INFO - obj_trace.py:712 - Object tracing routine finished.
2025-02-07 09:45:55 - PyLongslit - INFO - logger.py:69 - Logger initialized. Log will be saved in /home/kostas/Documents/PyLongslit/config_OB0019.log.
2025-02-07 09:45:55 - PyLongslit - INFO - obj_trace_manual.py:216 - Starting object tracing routine...
2025-02-07 09:45:55 - PyLongslit - INFO - utils.py:474 - Getting skysubtracted files...
2025-02-07 09:45:55 - PyLongslit - INFO - parser.py:21 - Config file found. Loading user parameters...
2025-02-07 09:45:55 - PyLongslit - INFO - parser.py:37 - User parameters loaded successfully.
2025-02-07 09:45:55 - PyLongslit - INFO - utils.py:456 - Found 4 frames:
2025-02-07 09:45:55 - PyLongslit - INFO - obj_trace_manual.py:199 - Finding object in skysub_science_0004971833-20250205-OSIRIS-OsirisLongSlitSpectroscopy.fits...
2025-02-07 09:45:55 - PyLongslit - INFO - obj_trace_manual.py:64 - Finding object in skysub_science_0004971833-20250205-OSIRIS-OsirisLongSlitSpectroscopy.fits...
2025-02-07 09:49:11 - PyLongslit - INFO - obj_trace_manual.py:118 - Fitting object centers...
2025-02-07 09:49:21 - PyLongslit - INFO - obj_trace_manual.py:164 - Object trace results written to directory /home/kostas/Documents/DAWN_FULL_BACKUP/DAWN/linsed_quasars_data/bluewhale1737102147140/Kostas/GTCMULTIPLE2H-24B/OB0019/out, filename: obj_manual_science_0004971833-20250205-OSIRIS-OsirisLongSlitSpectroscopy.dat.
2025-02-07 09:49:21 - PyLongslit - INFO - obj_trace_manual.py:203 - Object found in skysub_science_0004971833-20250205-OSIRIS-OsirisLongSlitSpectroscopy.fits.
2025-02-07 09:49:21 - PyLongslit - INFO - obj_trace_manual.py:199 - Finding object in skysub_science_0004971834-20250205-OSIRIS-OsirisLongSlitSpectroscopy.fits...
2025-02-07 09:49:21 - PyLongslit - INFO - obj_trace_manual.py:64 - Finding object in skysub_science_0004971834-20250205-OSIRIS-OsirisLongSlitSpectroscopy.fits...
2025-02-07 09:52:57 - PyLongslit - INFO - obj_trace_manual.py:118 - Fitting object centers...
2025-02-07 09:53:02 - PyLongslit - INFO - obj_trace_manual.py:164 - Object trace results written to directory /home/kostas/Documents/DAWN_FULL_BACKUP/DAWN/linsed_quasars_data/bluewhale1737102147140/Kostas/GTCMULTIPLE2H-24B/OB0019/out, filename: obj_manual_science_0004971834-20250205-OSIRIS-OsirisLongSlitSpectroscopy.dat.
2025-02-07 09:53:02 - PyLongslit - INFO - obj_trace_manual.py:203 - Object found in skysub_science_0004971834-20250205-OSIRIS-OsirisLongSlitSpectroscopy.fits.
2025-02-07 09:53:02 - PyLongslit - INFO - obj_trace_manual.py:199 - Finding object in skysub_science_0004971835-20250205-OSIRIS-OsirisLongSlitSpectroscopy.fits...
2025-02-07 09:53:02 - PyLongslit - INFO - obj_trace_manual.py:64 - Finding object in skysub_science_0004971835-20250205-OSIRIS-OsirisLongSlitSpectroscopy.fits...
2025-02-07 09:55:51 - PyLongslit - INFO - obj_trace_manual.py:118 - Fitting object centers...
2025-02-07 09:55:53 - PyLongslit - INFO - obj_trace_manual.py:164 - Object trace results written to directory /home/kostas/Documents/DAWN_FULL_BACKUP/DAWN/linsed_quasars_data/bluewhale1737102147140/Kostas/GTCMULTIPLE2H-24B/OB0019/out, filename: obj_manual_science_0004971835-20250205-OSIRIS-OsirisLongSlitSpectroscopy.dat.
2025-02-07 09:55:53 - PyLongslit - INFO - obj_trace_manual.py:203 - Object found in skysub_science_0004971835-20250205-OSIRIS-OsirisLongSlitSpectroscopy.fits.
2025-02-07 09:55:53 - PyLongslit - INFO - obj_trace_manual.py:199 - Finding object in skysub_std_0004971738-20250205-OSIRIS-OsirisLongSlitSpectroscopy.fits...
2025-02-07 09:55:53 - PyLongslit - INFO - obj_trace_manual.py:64 - Finding object in skysub_std_0004971738-20250205-OSIRIS-OsirisLongSlitSpectroscopy.fits...
2025-02-07 09:59:22 - PyLongslit - INFO - logger.py:69 - Logger initialized. Log will be saved in /home/kostas/Documents/PyLongslit/config_OB0019.log.
2025-02-07 09:59:22 - PyLongslit - INFO - parser.py:21 - Config file found. Loading user parameters...
2025-02-07 09:59:22 - PyLongslit - INFO - parser.py:37 - User parameters loaded successfully.
2025-02-07 09:59:45 - PyLongslit - INFO - logger.py:69 - Logger initialized. Log will be saved in /home/kostas/Documents/PyLongslit/config_OB0019.log.
2025-02-07 09:59:45 - PyLongslit - INFO - parser.py:21 - Config file found. Loading user parameters...
2025-02-07 09:59:45 - PyLongslit - INFO - parser.py:37 - User parameters loaded successfully.
2025-02-07 10:00:39 - PyLongslit - INFO - obj_trace_clone.py:91 - Cloned trace written to disk.
2025-02-07 10:00:39 - PyLongslit - INFO - obj_trace_clone.py:92 - Output file: /home/kostas/Documents/DAWN_FULL_BACKUP/DAWN/linsed_quasars_data/bluewhale1737102147140/Kostas/GTCMULTIPLE2H-24B/OB0019/out/obj_science_0004971833-20250205-OSIRIS-OsirisLongSlitSpectroscopy_A.dat
2025-02-07 10:00:47 - PyLongslit - INFO - logger.py:69 - Logger initialized. Log will be saved in /home/kostas/Documents/PyLongslit/config_OB0019.log.
2025-02-07 10:00:47 - PyLongslit - INFO - parser.py:21 - Config file found. Loading user parameters...
2025-02-07 10:00:47 - PyLongslit - INFO - parser.py:37 - User parameters loaded successfully.
2025-02-07 10:01:12 - PyLongslit - INFO - obj_trace_clone.py:91 - Cloned trace written to disk.
2025-02-07 10:01:12 - PyLongslit - INFO - obj_trace_clone.py:92 - Output file: /home/kostas/Documents/DAWN_FULL_BACKUP/DAWN/linsed_quasars_data/bluewhale1737102147140/Kostas/GTCMULTIPLE2H-24B/OB0019/out/obj_science_0004971833-20250205-OSIRIS-OsirisLongSlitSpectroscopy_B.dat
2025-02-07 10:01:24 - PyLongslit - INFO - logger.py:69 - Logger initialized. Log will be saved in /home/kostas/Documents/PyLongslit/config_OB0019.log.
2025-02-07 10:01:24 - PyLongslit - INFO - parser.py:21 - Config file found. Loading user parameters...
2025-02-07 10:01:24 - PyLongslit - INFO - parser.py:37 - User parameters loaded successfully.
2025-02-07 10:01:52 - PyLongslit - INFO - obj_trace_clone.py:91 - Cloned trace written to disk.
2025-02-07 10:01:52 - PyLongslit - INFO - obj_trace_clone.py:92 - Output file: /home/kostas/Documents/DAWN_FULL_BACKUP/DAWN/linsed_quasars_data/bluewhale1737102147140/Kostas/GTCMULTIPLE2H-24B/OB0019/out/obj_science_0004971834-20250205-OSIRIS-OsirisLongSlitSpectroscopy_A.dat
2025-02-07 10:01:59 - PyLongslit - INFO - logger.py:69 - Logger initialized. Log will be saved in /home/kostas/Documents/PyLongslit/config_OB0019.log.
2025-02-07 10:01:59 - PyLongslit - INFO - parser.py:21 - Config file found. Loading user parameters...
2025-02-07 10:01:59 - PyLongslit - INFO - parser.py:37 - User parameters loaded successfully.
2025-02-07 10:02:47 - PyLongslit - INFO - obj_trace_clone.py:91 - Cloned trace written to disk.
2025-02-07 10:02:47 - PyLongslit - INFO - obj_trace_clone.py:92 - Output file: /home/kostas/Documents/DAWN_FULL_BACKUP/DAWN/linsed_quasars_data/bluewhale1737102147140/Kostas/GTCMULTIPLE2H-24B/OB0019/out/obj_science_0004971834-20250205-OSIRIS-OsirisLongSlitSpectroscopy_B.dat
2025-02-07 10:03:01 - PyLongslit - INFO - logger.py:69 - Logger initialized. Log will be saved in /home/kostas/Documents/PyLongslit/config_OB0019.log.
2025-02-07 10:03:01 - PyLongslit - INFO - parser.py:21 - Config file found. Loading user parameters...
2025-02-07 10:03:01 - PyLongslit - INFO - parser.py:37 - User parameters loaded successfully.
2025-02-07 10:03:38 - PyLongslit - INFO - obj_trace_clone.py:91 - Cloned trace written to disk.
2025-02-07 10:03:38 - PyLongslit - INFO - obj_trace_clone.py:92 - Output file: /home/kostas/Documents/DAWN_FULL_BACKUP/DAWN/linsed_quasars_data/bluewhale1737102147140/Kostas/GTCMULTIPLE2H-24B/OB0019/out/obj_science_0004971835-20250205-OSIRIS-OsirisLongSlitSpectroscopy_A.dat
2025-02-07 10:03:45 - PyLongslit - INFO - logger.py:69 - Logger initialized. Log will be saved in /home/kostas/Documents/PyLongslit/config_OB0019.log.
2025-02-07 10:03:45 - PyLongslit - INFO - parser.py:21 - Config file found. Loading user parameters...
2025-02-07 10:03:45 - PyLongslit - INFO - parser.py:37 - User parameters loaded successfully.
2025-02-07 10:04:45 - PyLongslit - INFO - obj_trace_clone.py:91 - Cloned trace written to disk.
2025-02-07 10:04:45 - PyLongslit - INFO - obj_trace_clone.py:92 - Output file: /home/kostas/Documents/DAWN_FULL_BACKUP/DAWN/linsed_quasars_data/bluewhale1737102147140/Kostas/GTCMULTIPLE2H-24B/OB0019/out/obj_science_0004971835-20250205-OSIRIS-OsirisLongSlitSpectroscopy_B.dat
2025-02-07 10:05:03 - PyLongslit - INFO - logger.py:69 - Logger initialized. Log will be saved in /home/kostas/Documents/PyLongslit/config_OB0019.log.
2025-02-07 10:05:03 - PyLongslit - INFO - extract_1d.py:398 - Running extract_1d
2025-02-07 10:05:03 - PyLongslit - INFO - parser.py:21 - Config file found. Loading user parameters...
2025-02-07 10:05:03 - PyLongslit - INFO - parser.py:37 - User parameters loaded successfully.
2025-02-07 10:05:03 - PyLongslit - INFO - extract_1d.py:18 - Loading object traces
2025-02-07 10:05:03 - PyLongslit - INFO - extract_1d.py:29 - Found 7 object traces:
2025-02-07 10:05:03 - PyLongslit - INFO - extract_1d.py:57 - All object traces loaded.
2025-02-07 10:05:03 - PyLongslit - INFO - utils.py:474 - Getting skysubtracted files...
2025-02-07 10:05:03 - PyLongslit - INFO - utils.py:456 - Found 7 frames:
2025-02-07 10:05:03 - PyLongslit - INFO - extract_1d.py:340 - Extracting 1D spectrum from skysub_science_0004971833-20250205-OSIRIS-OsirisLongSlitSpectroscopy_A.fits...
2025-02-07 10:05:03 - PyLongslit - INFO - extract_1d.py:350 - Spectrum extracted.
2025-02-07 10:05:03 - PyLongslit - INFO - extract_1d.py:351 - Wavelength calibrating the extracted 1D spectrum...
2025-02-07 10:06:55 - PyLongslit - INFO - logger.py:69 - Logger initialized. Log will be saved in /home/kostas/Documents/PyLongslit/config_OB0019.log.
2025-02-07 10:06:55 - PyLongslit - INFO - parser.py:21 - Config file found. Loading user parameters...
2025-02-07 10:06:55 - PyLongslit - INFO - parser.py:37 - User parameters loaded successfully.
2025-02-07 10:07:15 - PyLongslit - INFO - logger.py:69 - Logger initialized. Log will be saved in /home/kostas/Documents/PyLongslit/config_OB0019.log.
2025-02-07 10:07:15 - PyLongslit - INFO - extract_1d.py:399 - Running extract_1d
2025-02-07 10:07:15 - PyLongslit - INFO - parser.py:21 - Config file found. Loading user parameters...
2025-02-07 10:07:15 - PyLongslit - INFO - parser.py:37 - User parameters loaded successfully.
2025-02-07 10:07:15 - PyLongslit - INFO - extract_1d.py:18 - Loading object traces
2025-02-07 10:07:15 - PyLongslit - INFO - extract_1d.py:29 - Found 7 object traces:
2025-02-07 10:07:15 - PyLongslit - INFO - extract_1d.py:57 - All object traces loaded.
2025-02-07 10:07:15 - PyLongslit - INFO - utils.py:474 - Getting skysubtracted files...
2025-02-07 10:07:15 - PyLongslit - INFO - utils.py:456 - Found 7 frames:
2025-02-07 10:07:15 - PyLongslit - INFO - extract_1d.py:341 - Extracting 1D spectrum from skysub_science_0004971833-20250205-OSIRIS-OsirisLongSlitSpectroscopy_A.fits...
2025-02-07 10:07:15 - PyLongslit - INFO - extract_1d.py:351 - Spectrum extracted.
2025-02-07 10:07:15 - PyLongslit - INFO - extract_1d.py:352 - Wavelength calibrating the extracted 1D spectrum...
2025-02-07 10:07:28 - PyLongslit - INFO - logger.py:69 - Logger initialized. Log will be saved in /home/kostas/Documents/PyLongslit/config_OB0019.log.
2025-02-07 10:07:28 - PyLongslit - INFO - extract_1d.py:399 - Running extract_1d
2025-02-07 10:07:28 - PyLongslit - INFO - parser.py:21 - Config file found. Loading user parameters...
2025-02-07 10:07:28 - PyLongslit - INFO - parser.py:37 - User parameters loaded successfully.
2025-02-07 10:07:28 - PyLongslit - INFO - extract_1d.py:18 - Loading object traces
2025-02-07 10:07:28 - PyLongslit - INFO - extract_1d.py:29 - Found 7 object traces:
2025-02-07 10:07:28 - PyLongslit - INFO - extract_1d.py:57 - All object traces loaded.
2025-02-07 10:07:28 - PyLongslit - INFO - utils.py:474 - Getting skysubtracted files...
2025-02-07 10:07:28 - PyLongslit - INFO - utils.py:456 - Found 7 frames:
2025-02-07 10:07:28 - PyLongslit - INFO - extract_1d.py:341 - Extracting 1D spectrum from skysub_science_0004971833-20250205-OSIRIS-OsirisLongSlitSpectroscopy_A.fits...
2025-02-07 10:07:28 - PyLongslit - INFO - extract_1d.py:351 - Spectrum extracted.
2025-02-07 10:07:28 - PyLongslit - INFO - extract_1d.py:352 - Wavelength calibrating the extracted 1D spectrum...
2025-02-07 10:07:29 - PyLongslit - INFO - wavecalib.py:1252 - Loading 1D wavelength solution from disc...
2025-02-07 10:07:29 - PyLongslit - INFO - wavecalib.py:1261 - Wavelength solution loaded.
2025-02-07 10:07:29 - PyLongslit - INFO - wavecalib.py:1281 - Loading 2D tilt solution from disc...
2025-02-07 10:07:29 - PyLongslit - INFO - wavecalib.py:1290 - Tilt solution loaded.
2025-02-07 10:07:31 - PyLongslit - INFO - extract_1d.py:341 - Extracting 1D spectrum from skysub_science_0004971833-20250205-OSIRIS-OsirisLongSlitSpectroscopy_B.fits...
2025-02-07 10:07:31 - PyLongslit - INFO - extract_1d.py:351 - Spectrum extracted.
2025-02-07 10:07:31 - PyLongslit - INFO - extract_1d.py:352 - Wavelength calibrating the extracted 1D spectrum...
2025-02-07 10:07:31 - PyLongslit - INFO - wavecalib.py:1252 - Loading 1D wavelength solution from disc...
2025-02-07 10:07:31 - PyLongslit - INFO - wavecalib.py:1261 - Wavelength solution loaded.
2025-02-07 10:07:31 - PyLongslit - INFO - wavecalib.py:1281 - Loading 2D tilt solution from disc...
2025-02-07 10:07:31 - PyLongslit - INFO - wavecalib.py:1290 - Tilt solution loaded.
2025-02-07 10:07:32 - PyLongslit - INFO - extract_1d.py:341 - Extracting 1D spectrum from skysub_science_0004971834-20250205-OSIRIS-OsirisLongSlitSpectroscopy_A.fits...
2025-02-07 10:07:32 - PyLongslit - INFO - extract_1d.py:351 - Spectrum extracted.
2025-02-07 10:07:32 - PyLongslit - INFO - extract_1d.py:352 - Wavelength calibrating the extracted 1D spectrum...
2025-02-07 10:07:32 - PyLongslit - INFO - wavecalib.py:1252 - Loading 1D wavelength solution from disc...
2025-02-07 10:07:32 - PyLongslit - INFO - wavecalib.py:1261 - Wavelength solution loaded.
2025-02-07 10:07:32 - PyLongslit - INFO - wavecalib.py:1281 - Loading 2D tilt solution from disc...
2025-02-07 10:07:32 - PyLongslit - INFO - wavecalib.py:1290 - Tilt solution loaded.
2025-02-07 10:07:33 - PyLongslit - INFO - extract_1d.py:341 - Extracting 1D spectrum from skysub_science_0004971834-20250205-OSIRIS-OsirisLongSlitSpectroscopy_B.fits...
2025-02-07 10:07:33 - PyLongslit - INFO - extract_1d.py:351 - Spectrum extracted.
2025-02-07 10:07:33 - PyLongslit - INFO - extract_1d.py:352 - Wavelength calibrating the extracted 1D spectrum...
2025-02-07 10:07:33 - PyLongslit - INFO - wavecalib.py:1252 - Loading 1D wavelength solution from disc...
2025-02-07 10:07:33 - PyLongslit - INFO - wavecalib.py:1261 - Wavelength solution loaded.
2025-02-07 10:07:33 - PyLongslit - INFO - wavecalib.py:1281 - Loading 2D tilt solution from disc...
2025-02-07 10:07:33 - PyLongslit - INFO - wavecalib.py:1290 - Tilt solution loaded.
2025-02-07 10:07:34 - PyLongslit - INFO - extract_1d.py:341 - Extracting 1D spectrum from skysub_science_0004971835-20250205-OSIRIS-OsirisLongSlitSpectroscopy_A.fits...
2025-02-07 10:07:34 - PyLongslit - INFO - extract_1d.py:351 - Spectrum extracted.
2025-02-07 10:07:34 - PyLongslit - INFO - extract_1d.py:352 - Wavelength calibrating the extracted 1D spectrum...
2025-02-07 10:07:34 - PyLongslit - INFO - wavecalib.py:1252 - Loading 1D wavelength solution from disc...
2025-02-07 10:07:34 - PyLongslit - INFO - wavecalib.py:1261 - Wavelength solution loaded.
2025-02-07 10:07:34 - PyLongslit - INFO - wavecalib.py:1281 - Loading 2D tilt solution from disc...
2025-02-07 10:07:34 - PyLongslit - INFO - wavecalib.py:1290 - Tilt solution loaded.
2025-02-07 10:07:35 - PyLongslit - INFO - extract_1d.py:341 - Extracting 1D spectrum from skysub_science_0004971835-20250205-OSIRIS-OsirisLongSlitSpectroscopy_B.fits...
2025-02-07 10:07:36 - PyLongslit - INFO - extract_1d.py:351 - Spectrum extracted.
2025-02-07 10:07:36 - PyLongslit - INFO - extract_1d.py:352 - Wavelength calibrating the extracted 1D spectrum...
2025-02-07 10:07:36 - PyLongslit - INFO - wavecalib.py:1252 - Loading 1D wavelength solution from disc...
2025-02-07 10:07:36 - PyLongslit - INFO - wavecalib.py:1261 - Wavelength solution loaded.
2025-02-07 10:07:36 - PyLongslit - INFO - wavecalib.py:1281 - Loading 2D tilt solution from disc...
2025-02-07 10:07:36 - PyLongslit - INFO - wavecalib.py:1290 - Tilt solution loaded.
2025-02-07 10:07:39 - PyLongslit - INFO - extract_1d.py:341 - Extracting 1D spectrum from skysub_std_0004971738-20250205-OSIRIS-OsirisLongSlitSpectroscopy.fits...
2025-02-07 10:07:39 - PyLongslit - INFO - extract_1d.py:351 - Spectrum extracted.
2025-02-07 10:07:39 - PyLongslit - INFO - extract_1d.py:352 - Wavelength calibrating the extracted 1D spectrum...
2025-02-07 10:07:39 - PyLongslit - INFO - wavecalib.py:1252 - Loading 1D wavelength solution from disc...
2025-02-07 10:07:39 - PyLongslit - INFO - wavecalib.py:1261 - Wavelength solution loaded.
2025-02-07 10:07:39 - PyLongslit - INFO - wavecalib.py:1281 - Loading 2D tilt solution from disc...
2025-02-07 10:07:39 - PyLongslit - INFO - wavecalib.py:1290 - Tilt solution loaded.
2025-02-07 10:07:41 - PyLongslit - INFO - extract_1d.py:374 - Writing extracted 1D spectra to disc
2025-02-07 10:07:41 - PyLongslit - INFO - extract_1d.py:385 - 1d_science_0004971833-20250205-OSIRIS-OsirisLongSlitSpectroscopy_A.dat written to disc in directory /home/kostas/Documents/DAWN_FULL_BACKUP/DAWN/linsed_quasars_data/bluewhale1737102147140/Kostas/GTCMULTIPLE2H-24B/OB0019/out
2025-02-07 10:07:41 - PyLongslit - INFO - extract_1d.py:385 - 1d_science_0004971833-20250205-OSIRIS-OsirisLongSlitSpectroscopy_B.dat written to disc in directory /home/kostas/Documents/DAWN_FULL_BACKUP/DAWN/linsed_quasars_data/bluewhale1737102147140/Kostas/GTCMULTIPLE2H-24B/OB0019/out
2025-02-07 10:07:41 - PyLongslit - INFO - extract_1d.py:385 - 1d_science_0004971834-20250205-OSIRIS-OsirisLongSlitSpectroscopy_A.dat written to disc in directory /home/kostas/Documents/DAWN_FULL_BACKUP/DAWN/linsed_quasars_data/bluewhale1737102147140/Kostas/GTCMULTIPLE2H-24B/OB0019/out
2025-02-07 10:07:41 - PyLongslit - INFO - extract_1d.py:385 - 1d_science_0004971834-20250205-OSIRIS-OsirisLongSlitSpectroscopy_B.dat written to disc in directory /home/kostas/Documents/DAWN_FULL_BACKUP/DAWN/linsed_quasars_data/bluewhale1737102147140/Kostas/GTCMULTIPLE2H-24B/OB0019/out
2025-02-07 10:07:41 - PyLongslit - INFO - extract_1d.py:385 - 1d_science_0004971835-20250205-OSIRIS-OsirisLongSlitSpectroscopy_A.dat written to disc in directory /home/kostas/Documents/DAWN_FULL_BACKUP/DAWN/linsed_quasars_data/bluewhale1737102147140/Kostas/GTCMULTIPLE2H-24B/OB0019/out
2025-02-07 10:07:41 - PyLongslit - INFO - extract_1d.py:385 - 1d_science_0004971835-20250205-OSIRIS-OsirisLongSlitSpectroscopy_B.dat written to disc in directory /home/kostas/Documents/DAWN_FULL_BACKUP/DAWN/linsed_quasars_data/bluewhale1737102147140/Kostas/GTCMULTIPLE2H-24B/OB0019/out
2025-02-07 10:07:41 - PyLongslit - INFO - extract_1d.py:385 - 1d_std_0004971738-20250205-OSIRIS-OsirisLongSlitSpectroscopy.dat written to disc in directory /home/kostas/Documents/DAWN_FULL_BACKUP/DAWN/linsed_quasars_data/bluewhale1737102147140/Kostas/GTCMULTIPLE2H-24B/OB0019/out
2025-02-07 10:07:41 - PyLongslit - INFO - extract_1d.py:391 - All extracted 1D spectra written to disc
2025-02-07 10:07:41 - PyLongslit - INFO - extract_1d.py:414 - extract_1d done
2025-02-07 10:07:57 - PyLongslit - INFO - logger.py:69 - Logger initialized. Log will be saved in /home/kostas/Documents/PyLongslit/config_OB0019.log.
2025-02-07 10:07:57 - PyLongslit - INFO - extract_simple_1d.py:338 - Running extract_1d
2025-02-07 10:07:57 - PyLongslit - INFO - parser.py:21 - Config file found. Loading user parameters...
2025-02-07 10:07:57 - PyLongslit - INFO - parser.py:37 - User parameters loaded successfully.
2025-02-07 10:07:57 - PyLongslit - INFO - extract_simple_1d.py:18 - Loading object traces
2025-02-07 10:07:57 - PyLongslit - INFO - extract_simple_1d.py:29 - Found 6 object traces:
2025-02-07 10:07:57 - PyLongslit - INFO - extract_simple_1d.py:57 - All object traces loaded.
2025-02-07 10:07:57 - PyLongslit - INFO - utils.py:474 - Getting skysubtracted files...
2025-02-07 10:07:57 - PyLongslit - INFO - utils.py:456 - Found 6 frames:
2025-02-07 10:07:57 - PyLongslit - INFO - extract_simple_1d.py:282 - Extracting 1D spectrum from skysub_science_0004971833-20250205-OSIRIS-OsirisLongSlitSpectroscopy_A.fits...
2025-02-07 10:08:01 - PyLongslit - INFO - extract_simple_1d.py:290 - Spectrum extracted.
2025-02-07 10:08:01 - PyLongslit - INFO - extract_simple_1d.py:291 - Wavelength calibrating the extracted 1D spectrum...
2025-02-07 10:08:34 - PyLongslit - INFO - logger.py:69 - Logger initialized. Log will be saved in /home/kostas/Documents/PyLongslit/config_OB0019.log.
2025-02-07 10:08:34 - PyLongslit - INFO - extract_simple_1d.py:339 - Running extract_1d
2025-02-07 10:08:34 - PyLongslit - INFO - parser.py:21 - Config file found. Loading user parameters...
2025-02-07 10:08:34 - PyLongslit - INFO - parser.py:37 - User parameters loaded successfully.
2025-02-07 10:08:34 - PyLongslit - INFO - extract_simple_1d.py:18 - Loading object traces
2025-02-07 10:08:34 - PyLongslit - INFO - extract_simple_1d.py:29 - Found 6 object traces:
2025-02-07 10:08:34 - PyLongslit - INFO - extract_simple_1d.py:57 - All object traces loaded.
2025-02-07 10:08:34 - PyLongslit - INFO - utils.py:474 - Getting skysubtracted files...
2025-02-07 10:08:34 - PyLongslit - INFO - utils.py:456 - Found 6 frames:
2025-02-07 10:08:34 - PyLongslit - INFO - extract_simple_1d.py:283 - Extracting 1D spectrum from skysub_science_0004971833-20250205-OSIRIS-OsirisLongSlitSpectroscopy_A.fits...
2025-02-07 10:08:36 - PyLongslit - INFO - extract_simple_1d.py:291 - Spectrum extracted.
2025-02-07 10:08:36 - PyLongslit - INFO - extract_simple_1d.py:292 - Wavelength calibrating the extracted 1D spectrum...
2025-02-07 10:08:37 - PyLongslit - INFO - wavecalib.py:1252 - Loading 1D wavelength solution from disc...
2025-02-07 10:08:37 - PyLongslit - INFO - wavecalib.py:1261 - Wavelength solution loaded.
2025-02-07 10:08:37 - PyLongslit - INFO - wavecalib.py:1281 - Loading 2D tilt solution from disc...
2025-02-07 10:08:37 - PyLongslit - INFO - wavecalib.py:1290 - Tilt solution loaded.
2025-02-07 10:08:42 - PyLongslit - INFO - extract_simple_1d.py:283 - Extracting 1D spectrum from skysub_science_0004971833-20250205-OSIRIS-OsirisLongSlitSpectroscopy_B.fits...
2025-02-07 10:08:43 - PyLongslit - INFO - extract_simple_1d.py:291 - Spectrum extracted.
2025-02-07 10:08:43 - PyLongslit - INFO - extract_simple_1d.py:292 - Wavelength calibrating the extracted 1D spectrum...
2025-02-07 10:08:43 - PyLongslit - INFO - wavecalib.py:1252 - Loading 1D wavelength solution from disc...
2025-02-07 10:08:43 - PyLongslit - INFO - wavecalib.py:1261 - Wavelength solution loaded.
2025-02-07 10:08:43 - PyLongslit - INFO - wavecalib.py:1281 - Loading 2D tilt solution from disc...
2025-02-07 10:08:43 - PyLongslit - INFO - wavecalib.py:1290 - Tilt solution loaded.
2025-02-07 10:08:48 - PyLongslit - INFO - extract_simple_1d.py:283 - Extracting 1D spectrum from skysub_science_0004971834-20250205-OSIRIS-OsirisLongSlitSpectroscopy_A.fits...
2025-02-07 10:08:50 - PyLongslit - INFO - extract_simple_1d.py:291 - Spectrum extracted.
2025-02-07 10:08:50 - PyLongslit - INFO - extract_simple_1d.py:292 - Wavelength calibrating the extracted 1D spectrum...
2025-02-07 10:08:50 - PyLongslit - INFO - wavecalib.py:1252 - Loading 1D wavelength solution from disc...
2025-02-07 10:08:50 - PyLongslit - INFO - wavecalib.py:1261 - Wavelength solution loaded.
2025-02-07 10:08:50 - PyLongslit - INFO - wavecalib.py:1281 - Loading 2D tilt solution from disc...
2025-02-07 10:08:50 - PyLongslit - INFO - wavecalib.py:1290 - Tilt solution loaded.
2025-02-07 10:08:51 - PyLongslit - INFO - extract_simple_1d.py:283 - Extracting 1D spectrum from skysub_science_0004971834-20250205-OSIRIS-OsirisLongSlitSpectroscopy_B.fits...
2025-02-07 10:08:53 - PyLongslit - INFO - extract_simple_1d.py:291 - Spectrum extracted.
2025-02-07 10:08:53 - PyLongslit - INFO - extract_simple_1d.py:292 - Wavelength calibrating the extracted 1D spectrum...
2025-02-07 10:08:53 - PyLongslit - INFO - wavecalib.py:1252 - Loading 1D wavelength solution from disc...
2025-02-07 10:08:53 - PyLongslit - INFO - wavecalib.py:1261 - Wavelength solution loaded.
2025-02-07 10:08:53 - PyLongslit - INFO - wavecalib.py:1281 - Loading 2D tilt solution from disc...
2025-02-07 10:08:53 - PyLongslit - INFO - wavecalib.py:1290 - Tilt solution loaded.
2025-02-07 10:08:55 - PyLongslit - INFO - extract_simple_1d.py:283 - Extracting 1D spectrum from skysub_science_0004971835-20250205-OSIRIS-OsirisLongSlitSpectroscopy_A.fits...
2025-02-07 10:08:57 - PyLongslit - INFO - extract_simple_1d.py:291 - Spectrum extracted.
2025-02-07 10:08:57 - PyLongslit - INFO - extract_simple_1d.py:292 - Wavelength calibrating the extracted 1D spectrum...
2025-02-07 10:08:57 - PyLongslit - INFO - wavecalib.py:1252 - Loading 1D wavelength solution from disc...
2025-02-07 10:08:57 - PyLongslit - INFO - wavecalib.py:1261 - Wavelength solution loaded.
2025-02-07 10:08:57 - PyLongslit - INFO - wavecalib.py:1281 - Loading 2D tilt solution from disc...
2025-02-07 10:08:57 - PyLongslit - INFO - wavecalib.py:1290 - Tilt solution loaded.
2025-02-07 10:08:59 - PyLongslit - INFO - extract_simple_1d.py:283 - Extracting 1D spectrum from skysub_science_0004971835-20250205-OSIRIS-OsirisLongSlitSpectroscopy_B.fits...
2025-02-07 10:09:00 - PyLongslit - INFO - extract_simple_1d.py:291 - Spectrum extracted.
2025-02-07 10:09:00 - PyLongslit - INFO - extract_simple_1d.py:292 - Wavelength calibrating the extracted 1D spectrum...
2025-02-07 10:09:00 - PyLongslit - INFO - wavecalib.py:1252 - Loading 1D wavelength solution from disc...
2025-02-07 10:09:00 - PyLongslit - INFO - wavecalib.py:1261 - Wavelength solution loaded.
2025-02-07 10:09:00 - PyLongslit - INFO - wavecalib.py:1281 - Loading 2D tilt solution from disc...
2025-02-07 10:09:00 - PyLongslit - INFO - wavecalib.py:1290 - Tilt solution loaded.
2025-02-07 10:09:02 - PyLongslit - INFO - extract_simple_1d.py:314 - Writing extracted 1D spectra to disc
2025-02-07 10:09:02 - PyLongslit - INFO - extract_simple_1d.py:325 - 1d_science_0004971833-20250205-OSIRIS-OsirisLongSlitSpectroscopy_A.dat written to disc in directory /home/kostas/Documents/DAWN_FULL_BACKUP/DAWN/linsed_quasars_data/bluewhale1737102147140/Kostas/GTCMULTIPLE2H-24B/OB0019/out
2025-02-07 10:09:02 - PyLongslit - INFO - extract_simple_1d.py:325 - 1d_science_0004971833-20250205-OSIRIS-OsirisLongSlitSpectroscopy_B.dat written to disc in directory /home/kostas/Documents/DAWN_FULL_BACKUP/DAWN/linsed_quasars_data/bluewhale1737102147140/Kostas/GTCMULTIPLE2H-24B/OB0019/out
2025-02-07 10:09:02 - PyLongslit - INFO - extract_simple_1d.py:325 - 1d_science_0004971834-20250205-OSIRIS-OsirisLongSlitSpectroscopy_A.dat written to disc in directory /home/kostas/Documents/DAWN_FULL_BACKUP/DAWN/linsed_quasars_data/bluewhale1737102147140/Kostas/GTCMULTIPLE2H-24B/OB0019/out
2025-02-07 10:09:02 - PyLongslit - INFO - extract_simple_1d.py:325 - 1d_science_0004971834-20250205-OSIRIS-OsirisLongSlitSpectroscopy_B.dat written to disc in directory /home/kostas/Documents/DAWN_FULL_BACKUP/DAWN/linsed_quasars_data/bluewhale1737102147140/Kostas/GTCMULTIPLE2H-24B/OB0019/out
2025-02-07 10:09:02 - PyLongslit - INFO - extract_simple_1d.py:325 - 1d_science_0004971835-20250205-OSIRIS-OsirisLongSlitSpectroscopy_A.dat written to disc in directory /home/kostas/Documents/DAWN_FULL_BACKUP/DAWN/linsed_quasars_data/bluewhale1737102147140/Kostas/GTCMULTIPLE2H-24B/OB0019/out
2025-02-07 10:09:02 - PyLongslit - INFO - extract_simple_1d.py:325 - 1d_science_0004971835-20250205-OSIRIS-OsirisLongSlitSpectroscopy_B.dat written to disc in directory /home/kostas/Documents/DAWN_FULL_BACKUP/DAWN/linsed_quasars_data/bluewhale1737102147140/Kostas/GTCMULTIPLE2H-24B/OB0019/out
2025-02-07 10:09:02 - PyLongslit - INFO - extract_simple_1d.py:331 - All extracted 1D spectra written to disc
2025-02-07 10:09:02 - PyLongslit - INFO - extract_simple_1d.py:354 - extract_1d done
2025-02-07 10:09:16 - PyLongslit - INFO - logger.py:69 - Logger initialized. Log will be saved in /home/kostas/Documents/PyLongslit/config_OB0019.log.
2025-02-07 10:09:16 - PyLongslit - INFO - sensitivity_function.py:547 - Staring the process of producing the sensitivity function...
2025-02-07 10:09:16 - PyLongslit - INFO - parser.py:21 - Config file found. Loading user parameters...
2025-02-07 10:09:16 - PyLongslit - INFO - parser.py:37 - User parameters loaded successfully.
2025-02-07 10:09:16 - PyLongslit - INFO - sensitivity_function.py:58 - Standard star spectrum loaded.
2025-02-07 10:09:16 - PyLongslit - INFO - sensitivity_function.py:86 - Loading standard star reference spectrum...
2025-02-07 10:09:16 - PyLongslit - INFO - sensitivity_function.py:97 - Reference spectrum loaded.
2025-02-07 10:09:16 - PyLongslit - INFO - sensitivity_function.py:568 - Estimating the conversion factors between counts and flux...
2025-02-07 10:09:16 - PyLongslit - INFO - sensitivity_function.py:193 - Estimating the transmission factor of the atmosphere...
2025-02-07 10:09:17 - PyLongslit - INFO - sensitivity_function.py:580 - Fitting the sensitivity function...
2025-02-07 10:09:22 - PyLongslit - INFO - sensitivity_function.py:193 - Estimating the transmission factor of the atmosphere...
2025-02-07 10:09:27 - PyLongslit - INFO - sensitivity_function.py:514 - Writing sensitivity function coefficients to disk...
2025-02-07 10:09:27 - PyLongslit - INFO - sensitivity_function.py:521 - Sensitivity function coefficients written to /home/kostas/Documents/DAWN_FULL_BACKUP/DAWN/linsed_quasars_data/bluewhale1737102147140/Kostas/GTCMULTIPLE2H-24B/OB0019/out, filename : sens_coeff.dat.
2025-02-07 10:09:27 - PyLongslit - INFO - sensitivity_function.py:596 - Sensitivity function procedure done.
2025-02-07 10:09:43 - PyLongslit - INFO - logger.py:69 - Logger initialized. Log will be saved in /home/kostas/Documents/PyLongslit/config_OB0019.log.
2025-02-07 10:09:43 - PyLongslit - INFO - flux_calibrate.py:92 - Running flux calibration...
2025-02-07 10:09:43 - PyLongslit - INFO - parser.py:21 - Config file found. Loading user parameters...
2025-02-07 10:09:43 - PyLongslit - INFO - parser.py:37 - User parameters loaded successfully.
2025-02-07 10:09:43 - PyLongslit - INFO - sensitivity_function.py:531 - Loading sensitivity function coefficients from disk...
2025-02-07 10:09:43 - PyLongslit - INFO - sensitivity_function.py:538 - Sensitivity function coefficients loaded.
2025-02-07 10:10:11 - PyLongslit - INFO - flux_calibrate.py:82 - Calibrated spectra written to disk.
2025-02-07 10:10:37 - PyLongslit - INFO - logger.py:69 - Logger initialized. Log will be saved in /home/kostas/Documents/PyLongslit/config_OB0019.log.
2025-02-07 10:10:37 - PyLongslit - INFO - combine.py:126 - Running combination rutine...
2025-02-07 10:10:37 - PyLongslit - INFO - parser.py:21 - Config file found. Loading user parameters...
2025-02-07 10:10:37 - PyLongslit - INFO - parser.py:37 - User parameters loaded successfully.
2025-02-07 10:10:37 - PyLongslit - INFO - combine.py:8 - Reading combination parameters...
2025-02-07 10:10:37 - PyLongslit - INFO - combine.py:15 - Found 2 objects to be combined.
2025-02-07 10:10:37 - PyLongslit - INFO - combine.py:29 - Checking if files exist for DR3Gaia125238.119-270906.98_A...
2025-02-07 10:10:37 - PyLongslit - INFO - combine.py:40 - All files found for DR3Gaia125238.119-270906.98_A.
2025-02-07 10:10:37 - PyLongslit - INFO - combine.py:29 - Checking if files exist for DR3Gaia125238.119-270906.98_B...
2025-02-07 10:10:37 - PyLongslit - INFO - combine.py:40 - All files found for DR3Gaia125238.119-270906.98_B.
2025-02-07 10:10:37 - PyLongslit - INFO - combine.py:54 - Combining 3 spectra for DR3Gaia125238.119-270906.98_A...
2025-02-07 10:10:58 - PyLongslit - INFO - combine.py:111 - Saving combined spectrum for DR3Gaia125238.119-270906.98_A...
2025-02-07 10:10:58 - PyLongslit - INFO - combine.py:54 - Combining 3 spectra for DR3Gaia125238.119-270906.98_B...
2025-02-07 10:11:02 - PyLongslit - INFO - combine.py:111 - Saving combined spectrum for DR3Gaia125238.119-270906.98_B...
2025-02-07 10:23:06 - PyLongslit - INFO - logger.py:69 - Logger initialized. Log will be saved in /home/kostas/Documents/PyLongslit/config_OB0019.log.
2025-02-07 10:23:06 - PyLongslit - INFO - parser.py:21 - Config file found. Loading user parameters...
2025-02-07 10:23:06 - PyLongslit - INFO - parser.py:37 - User parameters loaded successfully.
2025-02-07 10:23:19 - PyLongslit - INFO - obj_trace_clone.py:91 - Cloned trace written to disk.
2025-02-07 10:23:19 - PyLongslit - INFO - obj_trace_clone.py:92 - Output file: /home/kostas/Documents/DAWN_FULL_BACKUP/DAWN/linsed_quasars_data/bluewhale1737102147140/Kostas/GTCMULTIPLE2H-24B/OB0019/out/obj_science_0004971835-20250205-OSIRIS-OsirisLongSlitSpectroscopy_extra.dat
2025-02-07 10:23:39 - PyLongslit - INFO - logger.py:69 - Logger initialized. Log will be saved in /home/kostas/Documents/PyLongslit/config_OB0019.log.
2025-02-07 10:23:39 - PyLongslit - INFO - extract_simple_1d.py:339 - Running extract_1d
2025-02-07 10:23:39 - PyLongslit - INFO - parser.py:21 - Config file found. Loading user parameters...
2025-02-07 10:23:39 - PyLongslit - INFO - parser.py:37 - User parameters loaded successfully.
2025-02-07 10:23:39 - PyLongslit - INFO - extract_simple_1d.py:18 - Loading object traces
2025-02-07 10:23:39 - PyLongslit - INFO - extract_simple_1d.py:29 - Found 7 object traces:
2025-02-07 10:23:39 - PyLongslit - INFO - extract_simple_1d.py:57 - All object traces loaded.
2025-02-07 10:23:39 - PyLongslit - INFO - utils.py:474 - Getting skysubtracted files...
2025-02-07 10:23:39 - PyLongslit - INFO - utils.py:456 - Found 7 frames:
2025-02-07 10:23:39 - PyLongslit - INFO - extract_simple_1d.py:283 - Extracting 1D spectrum from skysub_science_0004971833-20250205-OSIRIS-OsirisLongSlitSpectroscopy_A.fits...
2025-02-07 10:23:41 - PyLongslit - INFO - extract_simple_1d.py:291 - Spectrum extracted.
2025-02-07 10:23:41 - PyLongslit - INFO - extract_simple_1d.py:292 - Wavelength calibrating the extracted 1D spectrum...
2025-02-07 10:23:41 - PyLongslit - INFO - wavecalib.py:1252 - Loading 1D wavelength solution from disc...
2025-02-07 10:23:41 - PyLongslit - INFO - wavecalib.py:1261 - Wavelength solution loaded.
2025-02-07 10:23:41 - PyLongslit - INFO - wavecalib.py:1281 - Loading 2D tilt solution from disc...
2025-02-07 10:23:41 - PyLongslit - INFO - wavecalib.py:1290 - Tilt solution loaded.
2025-02-07 10:23:42 - PyLongslit - INFO - extract_simple_1d.py:283 - Extracting 1D spectrum from skysub_science_0004971833-20250205-OSIRIS-OsirisLongSlitSpectroscopy_B.fits...
2025-02-07 10:23:44 - PyLongslit - INFO - extract_simple_1d.py:291 - Spectrum extracted.
2025-02-07 10:23:44 - PyLongslit - INFO - extract_simple_1d.py:292 - Wavelength calibrating the extracted 1D spectrum...
2025-02-07 10:23:44 - PyLongslit - INFO - wavecalib.py:1252 - Loading 1D wavelength solution from disc...
2025-02-07 10:23:44 - PyLongslit - INFO - wavecalib.py:1261 - Wavelength solution loaded.
2025-02-07 10:23:44 - PyLongslit - INFO - wavecalib.py:1281 - Loading 2D tilt solution from disc...
2025-02-07 10:23:44 - PyLongslit - INFO - wavecalib.py:1290 - Tilt solution loaded.
2025-02-07 10:23:45 - PyLongslit - INFO - extract_simple_1d.py:283 - Extracting 1D spectrum from skysub_science_0004971834-20250205-OSIRIS-OsirisLongSlitSpectroscopy_A.fits...
2025-02-07 10:23:46 - PyLongslit - INFO - extract_simple_1d.py:291 - Spectrum extracted.
2025-02-07 10:23:46 - PyLongslit - INFO - extract_simple_1d.py:292 - Wavelength calibrating the extracted 1D spectrum...
2025-02-07 10:23:46 - PyLongslit - INFO - wavecalib.py:1252 - Loading 1D wavelength solution from disc...
2025-02-07 10:23:46 - PyLongslit - INFO - wavecalib.py:1261 - Wavelength solution loaded.
2025-02-07 10:23:46 - PyLongslit - INFO - wavecalib.py:1281 - Loading 2D tilt solution from disc...
2025-02-07 10:23:46 - PyLongslit - INFO - wavecalib.py:1290 - Tilt solution loaded.
2025-02-07 10:23:47 - PyLongslit - INFO - extract_simple_1d.py:283 - Extracting 1D spectrum from skysub_science_0004971834-20250205-OSIRIS-OsirisLongSlitSpectroscopy_B.fits...
2025-02-07 10:23:49 - PyLongslit - INFO - extract_simple_1d.py:291 - Spectrum extracted.
2025-02-07 10:23:49 - PyLongslit - INFO - extract_simple_1d.py:292 - Wavelength calibrating the extracted 1D spectrum...
2025-02-07 10:23:49 - PyLongslit - INFO - wavecalib.py:1252 - Loading 1D wavelength solution from disc...
2025-02-07 10:23:49 - PyLongslit - INFO - wavecalib.py:1261 - Wavelength solution loaded.
2025-02-07 10:23:49 - PyLongslit - INFO - wavecalib.py:1281 - Loading 2D tilt solution from disc...
2025-02-07 10:23:49 - PyLongslit - INFO - wavecalib.py:1290 - Tilt solution loaded.
2025-02-07 10:23:49 - PyLongslit - INFO - extract_simple_1d.py:283 - Extracting 1D spectrum from skysub_science_0004971835-20250205-OSIRIS-OsirisLongSlitSpectroscopy_A.fits...
2025-02-07 10:23:51 - PyLongslit - INFO - extract_simple_1d.py:291 - Spectrum extracted.
2025-02-07 10:23:51 - PyLongslit - INFO - extract_simple_1d.py:292 - Wavelength calibrating the extracted 1D spectrum...
2025-02-07 10:23:51 - PyLongslit - INFO - wavecalib.py:1252 - Loading 1D wavelength solution from disc...
2025-02-07 10:23:51 - PyLongslit - INFO - wavecalib.py:1261 - Wavelength solution loaded.
2025-02-07 10:23:51 - PyLongslit - INFO - wavecalib.py:1281 - Loading 2D tilt solution from disc...
2025-02-07 10:23:51 - PyLongslit - INFO - wavecalib.py:1290 - Tilt solution loaded.
2025-02-07 10:23:52 - PyLongslit - INFO - extract_simple_1d.py:283 - Extracting 1D spectrum from skysub_science_0004971835-20250205-OSIRIS-OsirisLongSlitSpectroscopy_B.fits...
2025-02-07 10:23:54 - PyLongslit - INFO - extract_simple_1d.py:291 - Spectrum extracted.
2025-02-07 10:23:54 - PyLongslit - INFO - extract_simple_1d.py:292 - Wavelength calibrating the extracted 1D spectrum...
2025-02-07 10:23:54 - PyLongslit - INFO - wavecalib.py:1252 - Loading 1D wavelength solution from disc...
2025-02-07 10:23:54 - PyLongslit - INFO - wavecalib.py:1261 - Wavelength solution loaded.
2025-02-07 10:23:54 - PyLongslit - INFO - wavecalib.py:1281 - Loading 2D tilt solution from disc...
2025-02-07 10:23:54 - PyLongslit - INFO - wavecalib.py:1290 - Tilt solution loaded.
2025-02-07 10:23:55 - PyLongslit - INFO - extract_simple_1d.py:283 - Extracting 1D spectrum from skysub_science_0004971835-20250205-OSIRIS-OsirisLongSlitSpectroscopy_extra.fits...
2025-02-07 10:23:57 - PyLongslit - INFO - extract_simple_1d.py:291 - Spectrum extracted.
2025-02-07 10:23:57 - PyLongslit - INFO - extract_simple_1d.py:292 - Wavelength calibrating the extracted 1D spectrum...
2025-02-07 10:23:57 - PyLongslit - INFO - wavecalib.py:1252 - Loading 1D wavelength solution from disc...
2025-02-07 10:23:57 - PyLongslit - INFO - wavecalib.py:1261 - Wavelength solution loaded.
2025-02-07 10:23:57 - PyLongslit - INFO - wavecalib.py:1281 - Loading 2D tilt solution from disc...
2025-02-07 10:23:57 - PyLongslit - INFO - wavecalib.py:1290 - Tilt solution loaded.
2025-02-07 10:24:02 - PyLongslit - INFO - extract_simple_1d.py:314 - Writing extracted 1D spectra to disc
2025-02-07 10:24:02 - PyLongslit - INFO - extract_simple_1d.py:325 - 1d_science_0004971833-20250205-OSIRIS-OsirisLongSlitSpectroscopy_A.dat written to disc in directory /home/kostas/Documents/DAWN_FULL_BACKUP/DAWN/linsed_quasars_data/bluewhale1737102147140/Kostas/GTCMULTIPLE2H-24B/OB0019/out
2025-02-07 10:24:02 - PyLongslit - INFO - extract_simple_1d.py:325 - 1d_science_0004971833-20250205-OSIRIS-OsirisLongSlitSpectroscopy_B.dat written to disc in directory /home/kostas/Documents/DAWN_FULL_BACKUP/DAWN/linsed_quasars_data/bluewhale1737102147140/Kostas/GTCMULTIPLE2H-24B/OB0019/out
2025-02-07 10:24:02 - PyLongslit - INFO - extract_simple_1d.py:325 - 1d_science_0004971834-20250205-OSIRIS-OsirisLongSlitSpectroscopy_A.dat written to disc in directory /home/kostas/Documents/DAWN_FULL_BACKUP/DAWN/linsed_quasars_data/bluewhale1737102147140/Kostas/GTCMULTIPLE2H-24B/OB0019/out
2025-02-07 10:24:02 - PyLongslit - INFO - extract_simple_1d.py:325 - 1d_science_0004971834-20250205-OSIRIS-OsirisLongSlitSpectroscopy_B.dat written to disc in directory /home/kostas/Documents/DAWN_FULL_BACKUP/DAWN/linsed_quasars_data/bluewhale1737102147140/Kostas/GTCMULTIPLE2H-24B/OB0019/out
2025-02-07 10:24:02 - PyLongslit - INFO - extract_simple_1d.py:325 - 1d_science_0004971835-20250205-OSIRIS-OsirisLongSlitSpectroscopy_A.dat written to disc in directory /home/kostas/Documents/DAWN_FULL_BACKUP/DAWN/linsed_quasars_data/bluewhale1737102147140/Kostas/GTCMULTIPLE2H-24B/OB0019/out
2025-02-07 10:24:02 - PyLongslit - INFO - extract_simple_1d.py:325 - 1d_science_0004971835-20250205-OSIRIS-OsirisLongSlitSpectroscopy_B.dat written to disc in directory /home/kostas/Documents/DAWN_FULL_BACKUP/DAWN/linsed_quasars_data/bluewhale1737102147140/Kostas/GTCMULTIPLE2H-24B/OB0019/out
2025-02-07 10:24:02 - PyLongslit - INFO - extract_simple_1d.py:325 - 1d_science_0004971835-20250205-OSIRIS-OsirisLongSlitSpectroscopy_extra.dat written to disc in directory /home/kostas/Documents/DAWN_FULL_BACKUP/DAWN/linsed_quasars_data/bluewhale1737102147140/Kostas/GTCMULTIPLE2H-24B/OB0019/out
2025-02-07 10:24:02 - PyLongslit - INFO - extract_simple_1d.py:331 - All extracted 1D spectra written to disc
2025-02-07 10:24:02 - PyLongslit - INFO - extract_simple_1d.py:354 - extract_1d done
2025-02-07 10:24:20 - PyLongslit - INFO - logger.py:69 - Logger initialized. Log will be saved in /home/kostas/Documents/PyLongslit/config_OB0019.log.
2025-02-07 10:24:20 - PyLongslit - INFO - flux_calibrate.py:92 - Running flux calibration...
2025-02-07 10:24:20 - PyLongslit - INFO - parser.py:21 - Config file found. Loading user parameters...
2025-02-07 10:24:20 - PyLongslit - INFO - parser.py:37 - User parameters loaded successfully.
2025-02-07 10:24:20 - PyLongslit - INFO - sensitivity_function.py:531 - Loading sensitivity function coefficients from disk...
2025-02-07 10:24:20 - PyLongslit - INFO - sensitivity_function.py:538 - Sensitivity function coefficients loaded.
2025-02-07 10:24:29 - PyLongslit - INFO - flux_calibrate.py:82 - Calibrated spectra written to disk.
2025-02-07 10:24:30 - PyLongslit - INFO - logger.py:69 - Logger initialized. Log will be saved in /home/kostas/Documents/PyLongslit/config_OB0019.log.
2025-02-07 10:24:31 - PyLongslit - INFO - flux_calibrate.py:92 - Running flux calibration...
2025-02-07 10:24:31 - PyLongslit - INFO - parser.py:21 - Config file found. Loading user parameters...
2025-02-07 10:24:31 - PyLongslit - INFO - parser.py:37 - User parameters loaded successfully.
2025-02-07 10:24:31 - PyLongslit - INFO - sensitivity_function.py:531 - Loading sensitivity function coefficients from disk...
2025-02-07 10:24:31 - PyLongslit - INFO - sensitivity_function.py:538 - Sensitivity function coefficients loaded.
2025-02-07 10:24:35 - PyLongslit - INFO - flux_calibrate.py:82 - Calibrated spectra written to disk.
2025-02-07 10:24:37 - PyLongslit - INFO - logger.py:69 - Logger initialized. Log will be saved in /home/kostas/Documents/PyLongslit/config_OB0019.log.
2025-02-07 10:24:37 - PyLongslit - INFO - flux_calibrate.py:92 - Running flux calibration...
2025-02-07 10:24:37 - PyLongslit - INFO - parser.py:21 - Config file found. Loading user parameters...
2025-02-07 10:24:37 - PyLongslit - INFO - parser.py:37 - User parameters loaded successfully.
2025-02-07 10:24:37 - PyLongslit - INFO - sensitivity_function.py:531 - Loading sensitivity function coefficients from disk...
2025-02-07 10:24:37 - PyLongslit - INFO - sensitivity_function.py:538 - Sensitivity function coefficients loaded.
