2025-02-04 21:32:34 - PyLongslit - INFO - logger.py:69 - Logger initialized. Log will be saved in /home/kostas/Documents/PyLongslit/config_alfosc.log.
2025-02-04 21:32:34 - PyLongslit - INFO - parser.py:21 - Config file found. Loading user parameters...
2025-02-04 21:32:34 - PyLongslit - INFO - parser.py:37 - User parameters loaded successfully.
2025-02-04 21:33:25 - PyLongslit - INFO - logger.py:69 - Logger initialized. Log will be saved in /home/kostas/Documents/PyLongslit/config_alfosc.log.
2025-02-04 21:33:25 - PyLongslit - INFO - parser.py:21 - Config file found. Loading user parameters...
2025-02-04 21:33:55 - PyLongslit - INFO - logger.py:69 - Logger initialized. Log will be saved in /home/kostas/Documents/PyLongslit/config_alfosc.log.
2025-02-04 21:33:55 - PyLongslit - INFO - parser.py:21 - Config file found. Loading user parameters...
2025-02-04 21:33:55 - PyLongslit - INFO - parser.py:37 - User parameters loaded successfully.
2025-02-04 21:33:55 - PyLongslit - INFO - obj_trace.py:701 - Starting object tracing routine...
2025-02-04 21:33:55 - PyLongslit - INFO - utils.py:460 - Getting skysubtracted files...
2025-02-04 21:33:55 - PyLongslit - INFO - utils.py:443 - Found 3 frames:
2025-02-04 21:33:55 - PyLongslit - INFO - utils.py:499 - Starting object-choosing GUI. Follow the instructions on the plots.
2025-02-04 21:34:11 - PyLongslit - INFO - utils.py:532 - Object centers chosen successfully:
2025-02-04 21:34:11 - PyLongslit - INFO - obj_trace.py:642 - Finding object in skysub_science_ALHh050196.fits...
2025-02-04 21:34:11 - PyLongslit - INFO - obj_trace.py:528 - Finding object in skysub_science_ALHh050196.fits...
2025-02-04 21:34:19 - PyLongslit - INFO - obj_trace.py:554 - Starting interactive user refinement of object limits...
2025-02-04 21:34:19 - PyLongslit - INFO - obj_trace.py:555 - Follow the instructions in the plot.
2025-02-04 21:34:27 - PyLongslit - INFO - obj_trace.py:572 - Fitting object centers and FWHMs...
2025-02-04 21:34:29 - PyLongslit - INFO - obj_trace.py:642 - Finding object in skysub_science_ALHh050197.fits...
2025-02-04 21:34:29 - PyLongslit - INFO - obj_trace.py:528 - Finding object in skysub_science_ALHh050197.fits...
2025-02-04 21:34:37 - PyLongslit - INFO - obj_trace.py:554 - Starting interactive user refinement of object limits...
2025-02-04 21:34:37 - PyLongslit - INFO - obj_trace.py:555 - Follow the instructions in the plot.
2025-02-04 21:34:42 - PyLongslit - INFO - obj_trace.py:572 - Fitting object centers and FWHMs...
2025-02-04 21:34:44 - PyLongslit - INFO - obj_trace.py:642 - Finding object in skysub_std_ALHh050097.fits...
2025-02-04 21:34:44 - PyLongslit - INFO - obj_trace.py:528 - Finding object in skysub_std_ALHh050097.fits...
2025-02-04 21:34:50 - PyLongslit - INFO - obj_trace.py:554 - Starting interactive user refinement of object limits...
2025-02-04 21:34:50 - PyLongslit - INFO - obj_trace.py:555 - Follow the instructions in the plot.
2025-02-04 21:34:54 - PyLongslit - INFO - obj_trace.py:572 - Fitting object centers and FWHMs...
2025-02-04 21:35:00 - PyLongslit - INFO - obj_trace.py:672 - Writing object trace results to obj_science_ALHh050196.dat...
2025-02-04 21:35:00 - PyLongslit - INFO - obj_trace.py:688 - Object trace results written to directory /home/kostas/Documents/PyLongslit/output_alt, filename: obj_science_ALHh050196.dat.
2025-02-04 21:35:00 - PyLongslit - INFO - obj_trace.py:672 - Writing object trace results to obj_science_ALHh050197.dat...
2025-02-04 21:35:00 - PyLongslit - INFO - obj_trace.py:688 - Object trace results written to directory /home/kostas/Documents/PyLongslit/output_alt, filename: obj_science_ALHh050197.dat.
2025-02-04 21:35:00 - PyLongslit - INFO - obj_trace.py:672 - Writing object trace results to obj_std_ALHh050097.dat...
2025-02-04 21:35:00 - PyLongslit - INFO - obj_trace.py:688 - Object trace results written to directory /home/kostas/Documents/PyLongslit/output_alt, filename: obj_std_ALHh050097.dat.
2025-02-04 21:35:00 - PyLongslit - INFO - obj_trace.py:712 - Object tracing routine finished.
2025-02-04 21:39:57 - PyLongslit - INFO - logger.py:69 - Logger initialized. Log will be saved in /home/kostas/Documents/PyLongslit/config_alfosc.log.
2025-02-04 21:39:57 - PyLongslit - INFO - parser.py:21 - Config file found. Loading user parameters...
2025-02-04 21:39:57 - PyLongslit - INFO - parser.py:37 - User parameters loaded successfully.
2025-02-04 21:39:57 - PyLongslit - INFO - mkspecbias.py:27 - Bias procedure running...
2025-02-04 21:39:57 - PyLongslit - INFO - mkspecbias.py:28 - Using the following parameters:
2025-02-04 21:39:57 - PyLongslit - INFO - mkspecbias.py:29 - xsize = 500
2025-02-04 21:39:57 - PyLongslit - INFO - mkspecbias.py:30 - ysize = 2102
2025-02-04 21:39:57 - PyLongslit - INFO - mkspecbias.py:35 - Found 11 bias frames.
2025-02-04 21:39:57 - PyLongslit - INFO - mkspecbias.py:36 - Files used for bias processing:
2025-02-04 21:39:57 - PyLongslit - INFO - utils.py:207 - All files have the correct dimensions.
2025-02-04 21:39:57 - PyLongslit - INFO - mkspecbias.py:53 - Processing file: ALHh050356.fits
2025-02-04 21:39:57 - PyLongslit - INFO - overscan.py:147 - Subtracting overscan...
2025-02-04 21:39:57 - PyLongslit - INFO - overscan.py:77 - Detecting the direction of the overscan region...
2025-02-04 21:39:57 - PyLongslit - INFO - overscan.py:95 - Horizontal overscan detected.
2025-02-04 21:39:57 - PyLongslit - INFO - overscan.py:169 - Overscan subtracted successfully.
2025-02-04 21:39:57 - PyLongslit - INFO - mkspecbias.py:65 - File ALHh050356.fits processed.

2025-02-04 21:39:57 - PyLongslit - INFO - mkspecbias.py:53 - Processing file: ALHh050357.fits
2025-02-04 21:39:57 - PyLongslit - INFO - overscan.py:147 - Subtracting overscan...
2025-02-04 21:39:57 - PyLongslit - INFO - overscan.py:77 - Detecting the direction of the overscan region...
2025-02-04 21:39:57 - PyLongslit - INFO - overscan.py:95 - Horizontal overscan detected.
2025-02-04 21:39:57 - PyLongslit - INFO - overscan.py:169 - Overscan subtracted successfully.
2025-02-04 21:39:57 - PyLongslit - INFO - mkspecbias.py:65 - File ALHh050357.fits processed.

2025-02-04 21:39:57 - PyLongslit - INFO - mkspecbias.py:53 - Processing file: ALHh050358.fits
2025-02-04 21:39:57 - PyLongslit - INFO - overscan.py:147 - Subtracting overscan...
2025-02-04 21:39:57 - PyLongslit - INFO - overscan.py:77 - Detecting the direction of the overscan region...
2025-02-04 21:39:57 - PyLongslit - INFO - overscan.py:95 - Horizontal overscan detected.
2025-02-04 21:39:57 - PyLongslit - INFO - overscan.py:169 - Overscan subtracted successfully.
2025-02-04 21:39:57 - PyLongslit - INFO - mkspecbias.py:65 - File ALHh050358.fits processed.

2025-02-04 21:39:57 - PyLongslit - INFO - mkspecbias.py:53 - Processing file: ALHh050359.fits
2025-02-04 21:39:57 - PyLongslit - INFO - overscan.py:147 - Subtracting overscan...
2025-02-04 21:39:57 - PyLongslit - INFO - overscan.py:77 - Detecting the direction of the overscan region...
2025-02-04 21:39:57 - PyLongslit - INFO - overscan.py:95 - Horizontal overscan detected.
2025-02-04 21:39:57 - PyLongslit - INFO - overscan.py:169 - Overscan subtracted successfully.
2025-02-04 21:39:57 - PyLongslit - INFO - mkspecbias.py:65 - File ALHh050359.fits processed.

2025-02-04 21:39:57 - PyLongslit - INFO - mkspecbias.py:53 - Processing file: ALHh050360.fits
2025-02-04 21:39:57 - PyLongslit - INFO - overscan.py:147 - Subtracting overscan...
2025-02-04 21:39:57 - PyLongslit - INFO - overscan.py:77 - Detecting the direction of the overscan region...
2025-02-04 21:39:57 - PyLongslit - INFO - overscan.py:95 - Horizontal overscan detected.
2025-02-04 21:39:57 - PyLongslit - INFO - overscan.py:169 - Overscan subtracted successfully.
2025-02-04 21:39:58 - PyLongslit - INFO - mkspecbias.py:65 - File ALHh050360.fits processed.

2025-02-04 21:39:58 - PyLongslit - INFO - mkspecbias.py:53 - Processing file: ALHh050361.fits
2025-02-04 21:39:58 - PyLongslit - INFO - overscan.py:147 - Subtracting overscan...
2025-02-04 21:39:58 - PyLongslit - INFO - overscan.py:77 - Detecting the direction of the overscan region...
2025-02-04 21:39:58 - PyLongslit - INFO - overscan.py:95 - Horizontal overscan detected.
2025-02-04 21:39:58 - PyLongslit - INFO - overscan.py:169 - Overscan subtracted successfully.
2025-02-04 21:39:58 - PyLongslit - INFO - mkspecbias.py:65 - File ALHh050361.fits processed.

2025-02-04 21:39:58 - PyLongslit - INFO - mkspecbias.py:53 - Processing file: ALHh050362.fits
2025-02-04 21:39:58 - PyLongslit - INFO - overscan.py:147 - Subtracting overscan...
2025-02-04 21:39:58 - PyLongslit - INFO - overscan.py:77 - Detecting the direction of the overscan region...
2025-02-04 21:39:58 - PyLongslit - INFO - overscan.py:95 - Horizontal overscan detected.
2025-02-04 21:39:58 - PyLongslit - INFO - overscan.py:169 - Overscan subtracted successfully.
2025-02-04 21:39:58 - PyLongslit - INFO - mkspecbias.py:65 - File ALHh050362.fits processed.

2025-02-04 21:39:58 - PyLongslit - INFO - mkspecbias.py:53 - Processing file: ALHh050363.fits
2025-02-04 21:39:58 - PyLongslit - INFO - overscan.py:147 - Subtracting overscan...
2025-02-04 21:39:58 - PyLongslit - INFO - overscan.py:77 - Detecting the direction of the overscan region...
2025-02-04 21:39:58 - PyLongslit - INFO - overscan.py:95 - Horizontal overscan detected.
2025-02-04 21:39:58 - PyLongslit - INFO - overscan.py:169 - Overscan subtracted successfully.
2025-02-04 21:39:58 - PyLongslit - INFO - mkspecbias.py:65 - File ALHh050363.fits processed.

2025-02-04 21:39:58 - PyLongslit - INFO - mkspecbias.py:53 - Processing file: ALHh050364.fits
2025-02-04 21:39:58 - PyLongslit - INFO - overscan.py:147 - Subtracting overscan...
2025-02-04 21:39:58 - PyLongslit - INFO - overscan.py:77 - Detecting the direction of the overscan region...
2025-02-04 21:39:58 - PyLongslit - INFO - overscan.py:95 - Horizontal overscan detected.
2025-02-04 21:39:58 - PyLongslit - INFO - overscan.py:169 - Overscan subtracted successfully.
2025-02-04 21:39:58 - PyLongslit - INFO - mkspecbias.py:65 - File ALHh050364.fits processed.

2025-02-04 21:39:58 - PyLongslit - INFO - mkspecbias.py:53 - Processing file: ALHh050365.fits
2025-02-04 21:39:58 - PyLongslit - INFO - overscan.py:147 - Subtracting overscan...
2025-02-04 21:39:58 - PyLongslit - INFO - overscan.py:77 - Detecting the direction of the overscan region...
2025-02-04 21:39:58 - PyLongslit - INFO - overscan.py:95 - Horizontal overscan detected.
2025-02-04 21:39:58 - PyLongslit - INFO - overscan.py:169 - Overscan subtracted successfully.
2025-02-04 21:39:58 - PyLongslit - INFO - mkspecbias.py:65 - File ALHh050365.fits processed.

2025-02-04 21:39:58 - PyLongslit - INFO - mkspecbias.py:53 - Processing file: ALHh050366.fits
2025-02-04 21:39:58 - PyLongslit - INFO - overscan.py:147 - Subtracting overscan...
2025-02-04 21:39:58 - PyLongslit - INFO - overscan.py:77 - Detecting the direction of the overscan region...
2025-02-04 21:39:58 - PyLongslit - INFO - overscan.py:95 - Horizontal overscan detected.
2025-02-04 21:39:58 - PyLongslit - INFO - overscan.py:169 - Overscan subtracted successfully.
2025-02-04 21:39:58 - PyLongslit - INFO - mkspecbias.py:65 - File ALHh050366.fits processed.

2025-02-04 21:39:58 - PyLongslit - INFO - mkspecbias.py:70 - Bias frames processed.
2025-02-04 21:39:58 - PyLongslit - INFO - mkspecbias.py:71 - Attaching header and writing to disc...
2025-02-04 21:39:58 - PyLongslit - INFO - mkspecbias.py:78 - Master bias frame written to disc at in /home/kostas/Documents/PyLongslit/output_alt, filename master_bias.fits
2025-02-04 21:55:04 - PyLongslit - INFO - logger.py:69 - Logger initialized. Log will be saved in /home/kostas/Documents/PyLongslit/config_alfosc.log.
2025-02-04 21:55:04 - PyLongslit - INFO - sensitivity_function.py:547 - Staring the process of producing the sensitivity function...
2025-02-04 21:55:04 - PyLongslit - INFO - parser.py:21 - Config file found. Loading user parameters...
2025-02-04 21:55:04 - PyLongslit - INFO - parser.py:37 - User parameters loaded successfully.
2025-02-04 21:55:04 - PyLongslit - INFO - sensitivity_function.py:58 - Standard star spectrum loaded.
2025-02-04 21:55:04 - PyLongslit - INFO - sensitivity_function.py:86 - Loading standard star reference spectrum...
2025-02-04 21:55:04 - PyLongslit - INFO - sensitivity_function.py:97 - Reference spectrum loaded.
2025-02-04 21:55:04 - PyLongslit - INFO - sensitivity_function.py:568 - Estimating the conversion factors between counts and flux...
2025-02-04 21:55:04 - PyLongslit - INFO - sensitivity_function.py:193 - Estimating the transmission factor of the atmosphere...
2025-02-04 21:55:05 - PyLongslit - INFO - sensitivity_function.py:580 - Fitting the sensitivity function...
2025-02-04 21:55:12 - PyLongslit - INFO - sensitivity_function.py:193 - Estimating the transmission factor of the atmosphere...
2025-02-04 21:55:13 - PyLongslit - INFO - sensitivity_function.py:514 - Writing sensitivity function coefficients to disk...
2025-02-04 21:55:13 - PyLongslit - INFO - sensitivity_function.py:521 - Sensitivity function coefficients written to /home/kostas/Documents/PyLongslit/output_alt, filename : sens_coeff.dat.
2025-02-04 21:55:13 - PyLongslit - INFO - sensitivity_function.py:596 - Sensitivity function procedure done.
2025-02-04 22:03:37 - PyLongslit - INFO - logger.py:69 - Logger initialized. Log will be saved in /home/kostas/Documents/PyLongslit/config_alfosc.log.
2025-02-04 22:03:38 - PyLongslit - INFO - parser.py:21 - Config file found. Loading user parameters...
2025-02-04 22:03:38 - PyLongslit - INFO - parser.py:37 - User parameters loaded successfully.
2025-02-04 22:03:38 - PyLongslit - INFO - skysubtract.py:375 - Starting the 1d extraction process...
2025-02-04 22:03:38 - PyLongslit - INFO - utils.py:443 - Found 3 frames:
2025-02-04 22:03:38 - PyLongslit - INFO - utils.py:499 - Starting object-choosing GUI. Follow the instructions on the plots.
2025-02-04 22:03:47 - PyLongslit - INFO - utils.py:532 - Object centers chosen successfully:
2025-02-04 22:05:13 - PyLongslit - INFO - logger.py:69 - Logger initialized. Log will be saved in /home/kostas/Documents/PyLongslit/config_alfosc.log.
2025-02-04 22:05:13 - PyLongslit - INFO - parser.py:21 - Config file found. Loading user parameters...
2025-02-04 22:05:13 - PyLongslit - INFO - parser.py:37 - User parameters loaded successfully.
2025-02-04 22:05:13 - PyLongslit - INFO - skysubtract.py:375 - Starting the 1d extraction process...
2025-02-04 22:05:13 - PyLongslit - INFO - utils.py:443 - Found 3 frames:
2025-02-04 22:05:13 - PyLongslit - INFO - utils.py:499 - Starting object-choosing GUI. Follow the instructions on the plots.
2025-02-04 22:05:25 - PyLongslit - INFO - utils.py:532 - Object centers chosen successfully:
2025-02-04 22:05:26 - PyLongslit - INFO - skysubtract.py:228 - Creating sky map for reduced_science_ALHh050197.fits...
2025-02-04 22:05:29 - PyLongslit - INFO - skysubtract.py:320 - Sky map created for reduced_science_ALHh050197.fits
2025-02-04 22:05:29 - PyLongslit - INFO - skysubtract.py:321 - Subtracting the sky background...
2025-02-04 22:05:31 - PyLongslit - INFO - skysubtract.py:228 - Creating sky map for reduced_science_ALHh050196.fits...
2025-02-04 22:05:33 - PyLongslit - INFO - skysubtract.py:320 - Sky map created for reduced_science_ALHh050196.fits
2025-02-04 22:05:33 - PyLongslit - INFO - skysubtract.py:321 - Subtracting the sky background...
2025-02-04 22:05:35 - PyLongslit - INFO - skysubtract.py:228 - Creating sky map for reduced_std_ALHh050097.fits...
2025-02-04 22:05:37 - PyLongslit - INFO - skysubtract.py:320 - Sky map created for reduced_std_ALHh050097.fits
2025-02-04 22:05:37 - PyLongslit - INFO - skysubtract.py:321 - Subtracting the sky background...
2025-02-04 22:05:38 - PyLongslit - INFO - skysubtract.py:364 - Frame written to directory /home/kostas/Documents/PyLongslit/output_alt, filename skysub_science_ALHh050197.fits
2025-02-04 22:05:38 - PyLongslit - INFO - skysubtract.py:364 - Frame written to directory /home/kostas/Documents/PyLongslit/output_alt, filename skysub_science_ALHh050196.fits
2025-02-04 22:05:38 - PyLongslit - INFO - skysubtract.py:364 - Frame written to directory /home/kostas/Documents/PyLongslit/output_alt, filename skysub_std_ALHh050097.fits
2025-02-04 22:05:38 - PyLongslit - INFO - skysubtract.py:385 - Sky subtraction complete.
2025-02-04 22:13:10 - PyLongslit - INFO - logger.py:69 - Logger initialized. Log will be saved in /home/kostas/Documents/PyLongslit/config_alfosc.log.
2025-02-04 22:13:10 - PyLongslit - INFO - parser.py:21 - Config file found. Loading user parameters...
2025-02-04 22:13:10 - PyLongslit - INFO - parser.py:37 - User parameters loaded successfully.
2025-02-04 22:13:10 - PyLongslit - WARNING - reduce.py:151 - Using overscan subtraction instead of master bias.
2025-02-04 22:13:10 - PyLongslit - WARNING - reduce.py:152 - If this is not intended, check the config file.
2025-02-04 22:13:10 - PyLongslit - INFO - overscan.py:77 - Detecting the direction of the overscan region...
2025-02-04 22:13:10 - PyLongslit - INFO - overscan.py:95 - Horizontal overscan detected.
2025-02-04 22:13:10 - PyLongslit - INFO - utils.py:809 - Fetching the master flat frame...
2025-02-04 22:13:10 - PyLongslit - INFO - utils.py:820 - Master flat frame found and loaded.
2025-02-04 22:13:10 - PyLongslit - INFO - reduce.py:166 - Fetching cosmic-ray removed files from /home/kostas/Documents/PyLongslit/output_alt ...
2025-02-04 22:13:10 - PyLongslit - INFO - reduce.py:32 - Found 2 cosmic-ray removed science files.
2025-02-04 22:13:10 - PyLongslit - INFO - reduce.py:33 - Found 1 cosmic-ray removed standard star files.
2025-02-04 22:13:10 - PyLongslit - INFO - reduce.py:175 - Reducing following standard star frames:
2025-02-04 22:13:10 - PyLongslit - INFO - reduce.py:101 - Reducing frame crr_std_ALHh050097.fits ...
2025-02-04 22:13:51 - PyLongslit - INFO - logger.py:69 - Logger initialized. Log will be saved in /home/kostas/Documents/PyLongslit/config_alfosc.log.
2025-02-04 22:13:51 - PyLongslit - INFO - parser.py:21 - Config file found. Loading user parameters...
2025-02-04 22:13:51 - PyLongslit - INFO - parser.py:37 - User parameters loaded successfully.
2025-02-04 22:13:51 - PyLongslit - INFO - mkspecbias.py:27 - Bias procedure running...
2025-02-04 22:13:51 - PyLongslit - INFO - mkspecbias.py:28 - Using the following parameters:
2025-02-04 22:13:51 - PyLongslit - INFO - mkspecbias.py:29 - xsize = 500
2025-02-04 22:13:51 - PyLongslit - INFO - mkspecbias.py:30 - ysize = 2102
2025-02-04 22:13:51 - PyLongslit - INFO - mkspecbias.py:35 - Found 11 bias frames.
2025-02-04 22:13:51 - PyLongslit - INFO - mkspecbias.py:36 - Files used for bias processing:
2025-02-04 22:13:51 - PyLongslit - INFO - utils.py:207 - All files have the correct dimensions.
2025-02-04 22:13:51 - PyLongslit - INFO - mkspecbias.py:53 - Processing file: ALHh050356.fits
2025-02-04 22:13:51 - PyLongslit - INFO - overscan.py:147 - Subtracting overscan...
2025-02-04 22:13:51 - PyLongslit - INFO - overscan.py:77 - Detecting the direction of the overscan region...
2025-02-04 22:13:51 - PyLongslit - INFO - overscan.py:95 - Horizontal overscan detected.
2025-02-04 22:13:51 - PyLongslit - INFO - overscan.py:169 - Overscan subtracted successfully.
2025-02-04 22:13:51 - PyLongslit - INFO - mkspecbias.py:65 - File ALHh050356.fits processed.

2025-02-04 22:13:51 - PyLongslit - INFO - mkspecbias.py:53 - Processing file: ALHh050357.fits
2025-02-04 22:13:51 - PyLongslit - INFO - overscan.py:147 - Subtracting overscan...
2025-02-04 22:13:51 - PyLongslit - INFO - overscan.py:77 - Detecting the direction of the overscan region...
2025-02-04 22:13:51 - PyLongslit - INFO - overscan.py:95 - Horizontal overscan detected.
2025-02-04 22:13:51 - PyLongslit - INFO - overscan.py:169 - Overscan subtracted successfully.
2025-02-04 22:13:51 - PyLongslit - INFO - mkspecbias.py:65 - File ALHh050357.fits processed.

2025-02-04 22:13:51 - PyLongslit - INFO - mkspecbias.py:53 - Processing file: ALHh050358.fits
2025-02-04 22:13:51 - PyLongslit - INFO - overscan.py:147 - Subtracting overscan...
2025-02-04 22:13:51 - PyLongslit - INFO - overscan.py:77 - Detecting the direction of the overscan region...
2025-02-04 22:13:51 - PyLongslit - INFO - overscan.py:95 - Horizontal overscan detected.
2025-02-04 22:13:51 - PyLongslit - INFO - overscan.py:169 - Overscan subtracted successfully.
2025-02-04 22:13:51 - PyLongslit - INFO - mkspecbias.py:65 - File ALHh050358.fits processed.

2025-02-04 22:13:51 - PyLongslit - INFO - mkspecbias.py:53 - Processing file: ALHh050359.fits
2025-02-04 22:13:51 - PyLongslit - INFO - overscan.py:147 - Subtracting overscan...
2025-02-04 22:13:51 - PyLongslit - INFO - overscan.py:77 - Detecting the direction of the overscan region...
2025-02-04 22:13:51 - PyLongslit - INFO - overscan.py:95 - Horizontal overscan detected.
2025-02-04 22:13:51 - PyLongslit - INFO - overscan.py:169 - Overscan subtracted successfully.
2025-02-04 22:13:51 - PyLongslit - INFO - mkspecbias.py:65 - File ALHh050359.fits processed.

2025-02-04 22:13:51 - PyLongslit - INFO - mkspecbias.py:53 - Processing file: ALHh050360.fits
2025-02-04 22:13:51 - PyLongslit - INFO - overscan.py:147 - Subtracting overscan...
2025-02-04 22:13:51 - PyLongslit - INFO - overscan.py:77 - Detecting the direction of the overscan region...
2025-02-04 22:13:51 - PyLongslit - INFO - overscan.py:95 - Horizontal overscan detected.
2025-02-04 22:13:51 - PyLongslit - INFO - overscan.py:169 - Overscan subtracted successfully.
2025-02-04 22:13:51 - PyLongslit - INFO - mkspecbias.py:65 - File ALHh050360.fits processed.

2025-02-04 22:13:51 - PyLongslit - INFO - mkspecbias.py:53 - Processing file: ALHh050361.fits
2025-02-04 22:13:51 - PyLongslit - INFO - overscan.py:147 - Subtracting overscan...
2025-02-04 22:13:51 - PyLongslit - INFO - overscan.py:77 - Detecting the direction of the overscan region...
2025-02-04 22:13:51 - PyLongslit - INFO - overscan.py:95 - Horizontal overscan detected.
2025-02-04 22:13:51 - PyLongslit - INFO - overscan.py:169 - Overscan subtracted successfully.
2025-02-04 22:13:51 - PyLongslit - INFO - mkspecbias.py:65 - File ALHh050361.fits processed.

2025-02-04 22:13:51 - PyLongslit - INFO - mkspecbias.py:53 - Processing file: ALHh050362.fits
2025-02-04 22:13:51 - PyLongslit - INFO - overscan.py:147 - Subtracting overscan...
2025-02-04 22:13:51 - PyLongslit - INFO - overscan.py:77 - Detecting the direction of the overscan region...
2025-02-04 22:13:51 - PyLongslit - INFO - overscan.py:95 - Horizontal overscan detected.
2025-02-04 22:13:51 - PyLongslit - INFO - overscan.py:169 - Overscan subtracted successfully.
2025-02-04 22:13:51 - PyLongslit - INFO - mkspecbias.py:65 - File ALHh050362.fits processed.

2025-02-04 22:13:51 - PyLongslit - INFO - mkspecbias.py:53 - Processing file: ALHh050363.fits
2025-02-04 22:13:51 - PyLongslit - INFO - overscan.py:147 - Subtracting overscan...
2025-02-04 22:13:51 - PyLongslit - INFO - overscan.py:77 - Detecting the direction of the overscan region...
2025-02-04 22:13:51 - PyLongslit - INFO - overscan.py:95 - Horizontal overscan detected.
2025-02-04 22:13:51 - PyLongslit - INFO - overscan.py:169 - Overscan subtracted successfully.
2025-02-04 22:13:51 - PyLongslit - INFO - mkspecbias.py:65 - File ALHh050363.fits processed.

2025-02-04 22:13:51 - PyLongslit - INFO - mkspecbias.py:53 - Processing file: ALHh050364.fits
2025-02-04 22:13:51 - PyLongslit - INFO - overscan.py:147 - Subtracting overscan...
2025-02-04 22:13:51 - PyLongslit - INFO - overscan.py:77 - Detecting the direction of the overscan region...
2025-02-04 22:13:51 - PyLongslit - INFO - overscan.py:95 - Horizontal overscan detected.
2025-02-04 22:13:51 - PyLongslit - INFO - overscan.py:169 - Overscan subtracted successfully.
2025-02-04 22:13:51 - PyLongslit - INFO - mkspecbias.py:65 - File ALHh050364.fits processed.

2025-02-04 22:13:51 - PyLongslit - INFO - mkspecbias.py:53 - Processing file: ALHh050365.fits
2025-02-04 22:13:51 - PyLongslit - INFO - overscan.py:147 - Subtracting overscan...
2025-02-04 22:13:51 - PyLongslit - INFO - overscan.py:77 - Detecting the direction of the overscan region...
2025-02-04 22:13:51 - PyLongslit - INFO - overscan.py:95 - Horizontal overscan detected.
2025-02-04 22:13:51 - PyLongslit - INFO - overscan.py:169 - Overscan subtracted successfully.
2025-02-04 22:13:51 - PyLongslit - INFO - mkspecbias.py:65 - File ALHh050365.fits processed.

2025-02-04 22:13:51 - PyLongslit - INFO - mkspecbias.py:53 - Processing file: ALHh050366.fits
2025-02-04 22:13:51 - PyLongslit - INFO - overscan.py:147 - Subtracting overscan...
2025-02-04 22:13:51 - PyLongslit - INFO - overscan.py:77 - Detecting the direction of the overscan region...
2025-02-04 22:13:51 - PyLongslit - INFO - overscan.py:95 - Horizontal overscan detected.
2025-02-04 22:13:51 - PyLongslit - INFO - overscan.py:169 - Overscan subtracted successfully.
2025-02-04 22:13:51 - PyLongslit - INFO - mkspecbias.py:65 - File ALHh050366.fits processed.

2025-02-04 22:13:52 - PyLongslit - INFO - mkspecbias.py:70 - Bias frames processed.
2025-02-04 22:13:52 - PyLongslit - INFO - mkspecbias.py:71 - Attaching header and writing to disc...
2025-02-04 22:13:52 - PyLongslit - INFO - mkspecbias.py:78 - Master bias frame written to disc at in /home/kostas/Documents/PyLongslit/output_alt, filename master_bias.fits
2025-02-04 22:13:55 - PyLongslit - INFO - logger.py:69 - Logger initialized. Log will be saved in /home/kostas/Documents/PyLongslit/config_alfosc.log.
2025-02-04 22:13:55 - PyLongslit - INFO - parser.py:21 - Config file found. Loading user parameters...
2025-02-04 22:13:55 - PyLongslit - INFO - parser.py:37 - User parameters loaded successfully.
2025-02-04 22:13:55 - PyLongslit - WARNING - reduce.py:151 - Using overscan subtraction instead of master bias.
2025-02-04 22:13:55 - PyLongslit - WARNING - reduce.py:152 - If this is not intended, check the config file.
2025-02-04 22:13:55 - PyLongslit - INFO - overscan.py:77 - Detecting the direction of the overscan region...
2025-02-04 22:13:55 - PyLongslit - INFO - overscan.py:95 - Horizontal overscan detected.
2025-02-04 22:13:55 - PyLongslit - INFO - utils.py:809 - Fetching the master flat frame...
2025-02-04 22:13:55 - PyLongslit - INFO - utils.py:820 - Master flat frame found and loaded.
2025-02-04 22:13:55 - PyLongslit - INFO - reduce.py:166 - Fetching cosmic-ray removed files from /home/kostas/Documents/PyLongslit/output_alt ...
2025-02-04 22:13:55 - PyLongslit - INFO - reduce.py:32 - Found 2 cosmic-ray removed science files.
2025-02-04 22:13:55 - PyLongslit - INFO - reduce.py:33 - Found 1 cosmic-ray removed standard star files.
2025-02-04 22:13:55 - PyLongslit - INFO - reduce.py:175 - Reducing following standard star frames:
2025-02-04 22:13:55 - PyLongslit - INFO - reduce.py:101 - Reducing frame crr_std_ALHh050097.fits ...
2025-02-04 22:15:18 - PyLongslit - INFO - logger.py:69 - Logger initialized. Log will be saved in /home/kostas/Documents/PyLongslit/config_alfosc.log.
2025-02-04 22:15:18 - PyLongslit - INFO - parser.py:21 - Config file found. Loading user parameters...
2025-02-04 22:15:18 - PyLongslit - INFO - parser.py:37 - User parameters loaded successfully.
2025-02-04 22:15:18 - PyLongslit - INFO - overscan.py:77 - Detecting the direction of the overscan region...
2025-02-04 22:15:18 - PyLongslit - INFO - overscan.py:95 - Horizontal overscan detected.
2025-02-04 22:15:18 - PyLongslit - INFO - utils.py:793 - Fetching the master bias frame...
2025-02-04 22:15:18 - PyLongslit - INFO - utils.py:804 - Master bias frame found and loaded.
2025-02-04 22:15:18 - PyLongslit - INFO - utils.py:809 - Fetching the master flat frame...
2025-02-04 22:15:18 - PyLongslit - INFO - utils.py:820 - Master flat frame found and loaded.
2025-02-04 22:15:18 - PyLongslit - INFO - reduce.py:164 - Fetching cosmic-ray removed files from /home/kostas/Documents/PyLongslit/output_alt ...
2025-02-04 22:15:18 - PyLongslit - INFO - reduce.py:32 - Found 2 cosmic-ray removed science files.
2025-02-04 22:15:18 - PyLongslit - INFO - reduce.py:33 - Found 1 cosmic-ray removed standard star files.
2025-02-04 22:15:18 - PyLongslit - INFO - reduce.py:173 - Reducing following standard star frames:
2025-02-04 22:15:18 - PyLongslit - INFO - reduce.py:101 - Reducing frame crr_std_ALHh050097.fits ...
2025-02-04 22:15:20 - PyLongslit - INFO - logger.py:69 - Logger initialized. Log will be saved in /home/kostas/Documents/PyLongslit/config_alfosc.log.
2025-02-04 22:15:20 - PyLongslit - INFO - parser.py:21 - Config file found. Loading user parameters...
2025-02-04 22:15:20 - PyLongslit - INFO - parser.py:37 - User parameters loaded successfully.
2025-02-04 22:15:20 - PyLongslit - INFO - mkspecbias.py:27 - Bias procedure running...
2025-02-04 22:15:20 - PyLongslit - INFO - mkspecbias.py:28 - Using the following parameters:
2025-02-04 22:15:20 - PyLongslit - INFO - mkspecbias.py:29 - xsize = 500
2025-02-04 22:15:20 - PyLongslit - INFO - mkspecbias.py:30 - ysize = 2102
2025-02-04 22:15:20 - PyLongslit - INFO - mkspecbias.py:35 - Found 11 bias frames.
2025-02-04 22:15:20 - PyLongslit - INFO - mkspecbias.py:36 - Files used for bias processing:
2025-02-04 22:15:20 - PyLongslit - INFO - utils.py:207 - All files have the correct dimensions.
2025-02-04 22:15:20 - PyLongslit - INFO - mkspecbias.py:53 - Processing file: ALHh050356.fits
2025-02-04 22:15:20 - PyLongslit - INFO - overscan.py:147 - Subtracting overscan...
2025-02-04 22:15:20 - PyLongslit - INFO - overscan.py:77 - Detecting the direction of the overscan region...
2025-02-04 22:15:20 - PyLongslit - INFO - overscan.py:95 - Horizontal overscan detected.
2025-02-04 22:15:20 - PyLongslit - INFO - overscan.py:169 - Overscan subtracted successfully.
2025-02-04 22:15:20 - PyLongslit - INFO - mkspecbias.py:65 - File ALHh050356.fits processed.

2025-02-04 22:15:20 - PyLongslit - INFO - mkspecbias.py:53 - Processing file: ALHh050357.fits
2025-02-04 22:15:20 - PyLongslit - INFO - overscan.py:147 - Subtracting overscan...
2025-02-04 22:15:20 - PyLongslit - INFO - overscan.py:77 - Detecting the direction of the overscan region...
2025-02-04 22:15:20 - PyLongslit - INFO - overscan.py:95 - Horizontal overscan detected.
2025-02-04 22:15:20 - PyLongslit - INFO - overscan.py:169 - Overscan subtracted successfully.
2025-02-04 22:15:20 - PyLongslit - INFO - mkspecbias.py:65 - File ALHh050357.fits processed.

2025-02-04 22:15:20 - PyLongslit - INFO - mkspecbias.py:53 - Processing file: ALHh050358.fits
2025-02-04 22:15:20 - PyLongslit - INFO - overscan.py:147 - Subtracting overscan...
2025-02-04 22:15:20 - PyLongslit - INFO - overscan.py:77 - Detecting the direction of the overscan region...
2025-02-04 22:15:20 - PyLongslit - INFO - overscan.py:95 - Horizontal overscan detected.
2025-02-04 22:15:20 - PyLongslit - INFO - overscan.py:169 - Overscan subtracted successfully.
2025-02-04 22:15:20 - PyLongslit - INFO - mkspecbias.py:65 - File ALHh050358.fits processed.

2025-02-04 22:15:20 - PyLongslit - INFO - mkspecbias.py:53 - Processing file: ALHh050359.fits
2025-02-04 22:15:20 - PyLongslit - INFO - overscan.py:147 - Subtracting overscan...
2025-02-04 22:15:20 - PyLongslit - INFO - overscan.py:77 - Detecting the direction of the overscan region...
2025-02-04 22:15:20 - PyLongslit - INFO - overscan.py:95 - Horizontal overscan detected.
2025-02-04 22:15:20 - PyLongslit - INFO - overscan.py:169 - Overscan subtracted successfully.
2025-02-04 22:15:20 - PyLongslit - INFO - mkspecbias.py:65 - File ALHh050359.fits processed.

2025-02-04 22:15:20 - PyLongslit - INFO - mkspecbias.py:53 - Processing file: ALHh050360.fits
2025-02-04 22:15:20 - PyLongslit - INFO - overscan.py:147 - Subtracting overscan...
2025-02-04 22:15:20 - PyLongslit - INFO - overscan.py:77 - Detecting the direction of the overscan region...
2025-02-04 22:15:20 - PyLongslit - INFO - overscan.py:95 - Horizontal overscan detected.
2025-02-04 22:15:20 - PyLongslit - INFO - overscan.py:169 - Overscan subtracted successfully.
2025-02-04 22:15:20 - PyLongslit - INFO - mkspecbias.py:65 - File ALHh050360.fits processed.

2025-02-04 22:15:20 - PyLongslit - INFO - mkspecbias.py:53 - Processing file: ALHh050361.fits
2025-02-04 22:15:20 - PyLongslit - INFO - overscan.py:147 - Subtracting overscan...
2025-02-04 22:15:20 - PyLongslit - INFO - overscan.py:77 - Detecting the direction of the overscan region...
2025-02-04 22:15:20 - PyLongslit - INFO - overscan.py:95 - Horizontal overscan detected.
2025-02-04 22:15:20 - PyLongslit - INFO - overscan.py:169 - Overscan subtracted successfully.
2025-02-04 22:15:20 - PyLongslit - INFO - mkspecbias.py:65 - File ALHh050361.fits processed.

2025-02-04 22:15:20 - PyLongslit - INFO - mkspecbias.py:53 - Processing file: ALHh050362.fits
2025-02-04 22:15:20 - PyLongslit - INFO - overscan.py:147 - Subtracting overscan...
2025-02-04 22:15:20 - PyLongslit - INFO - overscan.py:77 - Detecting the direction of the overscan region...
2025-02-04 22:15:20 - PyLongslit - INFO - overscan.py:95 - Horizontal overscan detected.
2025-02-04 22:15:20 - PyLongslit - INFO - overscan.py:169 - Overscan subtracted successfully.
2025-02-04 22:15:20 - PyLongslit - INFO - mkspecbias.py:65 - File ALHh050362.fits processed.

2025-02-04 22:15:20 - PyLongslit - INFO - mkspecbias.py:53 - Processing file: ALHh050363.fits
2025-02-04 22:15:20 - PyLongslit - INFO - overscan.py:147 - Subtracting overscan...
2025-02-04 22:15:20 - PyLongslit - INFO - overscan.py:77 - Detecting the direction of the overscan region...
2025-02-04 22:15:20 - PyLongslit - INFO - overscan.py:95 - Horizontal overscan detected.
2025-02-04 22:15:20 - PyLongslit - INFO - overscan.py:169 - Overscan subtracted successfully.
2025-02-04 22:15:20 - PyLongslit - INFO - mkspecbias.py:65 - File ALHh050363.fits processed.

2025-02-04 22:15:20 - PyLongslit - INFO - mkspecbias.py:53 - Processing file: ALHh050364.fits
2025-02-04 22:15:20 - PyLongslit - INFO - overscan.py:147 - Subtracting overscan...
2025-02-04 22:15:20 - PyLongslit - INFO - overscan.py:77 - Detecting the direction of the overscan region...
2025-02-04 22:15:20 - PyLongslit - INFO - overscan.py:95 - Horizontal overscan detected.
2025-02-04 22:15:20 - PyLongslit - INFO - overscan.py:169 - Overscan subtracted successfully.
2025-02-04 22:15:20 - PyLongslit - INFO - mkspecbias.py:65 - File ALHh050364.fits processed.

2025-02-04 22:15:20 - PyLongslit - INFO - mkspecbias.py:53 - Processing file: ALHh050365.fits
2025-02-04 22:15:20 - PyLongslit - INFO - overscan.py:147 - Subtracting overscan...
2025-02-04 22:15:20 - PyLongslit - INFO - overscan.py:77 - Detecting the direction of the overscan region...
2025-02-04 22:15:20 - PyLongslit - INFO - overscan.py:95 - Horizontal overscan detected.
2025-02-04 22:15:20 - PyLongslit - INFO - overscan.py:169 - Overscan subtracted successfully.
2025-02-04 22:15:20 - PyLongslit - INFO - mkspecbias.py:65 - File ALHh050365.fits processed.

2025-02-04 22:15:20 - PyLongslit - INFO - mkspecbias.py:53 - Processing file: ALHh050366.fits
2025-02-04 22:15:20 - PyLongslit - INFO - overscan.py:147 - Subtracting overscan...
2025-02-04 22:15:20 - PyLongslit - INFO - overscan.py:77 - Detecting the direction of the overscan region...
2025-02-04 22:15:20 - PyLongslit - INFO - overscan.py:95 - Horizontal overscan detected.
2025-02-04 22:15:20 - PyLongslit - INFO - overscan.py:169 - Overscan subtracted successfully.
2025-02-04 22:15:20 - PyLongslit - INFO - mkspecbias.py:65 - File ALHh050366.fits processed.

2025-02-04 22:15:21 - PyLongslit - INFO - mkspecbias.py:70 - Bias frames processed.
2025-02-04 22:15:21 - PyLongslit - INFO - mkspecbias.py:71 - Attaching header and writing to disc...
2025-02-04 22:15:21 - PyLongslit - INFO - mkspecbias.py:78 - Master bias frame written to disc at in /home/kostas/Documents/PyLongslit/output_alt, filename master_bias.fits
2025-02-04 22:15:22 - PyLongslit - INFO - logger.py:69 - Logger initialized. Log will be saved in /home/kostas/Documents/PyLongslit/config_alfosc.log.
2025-02-04 22:15:22 - PyLongslit - INFO - parser.py:21 - Config file found. Loading user parameters...
2025-02-04 22:15:22 - PyLongslit - INFO - parser.py:37 - User parameters loaded successfully.
2025-02-04 22:15:22 - PyLongslit - INFO - overscan.py:77 - Detecting the direction of the overscan region...
2025-02-04 22:15:22 - PyLongslit - INFO - overscan.py:95 - Horizontal overscan detected.
2025-02-04 22:15:22 - PyLongslit - INFO - utils.py:793 - Fetching the master bias frame...
2025-02-04 22:15:22 - PyLongslit - INFO - utils.py:804 - Master bias frame found and loaded.
2025-02-04 22:15:22 - PyLongslit - INFO - utils.py:809 - Fetching the master flat frame...
2025-02-04 22:15:22 - PyLongslit - INFO - utils.py:820 - Master flat frame found and loaded.
2025-02-04 22:15:22 - PyLongslit - INFO - reduce.py:164 - Fetching cosmic-ray removed files from /home/kostas/Documents/PyLongslit/output_alt ...
2025-02-04 22:15:22 - PyLongslit - INFO - reduce.py:32 - Found 2 cosmic-ray removed science files.
2025-02-04 22:15:22 - PyLongslit - INFO - reduce.py:33 - Found 1 cosmic-ray removed standard star files.
2025-02-04 22:15:22 - PyLongslit - INFO - reduce.py:173 - Reducing following standard star frames:
2025-02-04 22:15:22 - PyLongslit - INFO - reduce.py:101 - Reducing frame crr_std_ALHh050097.fits ...
2025-02-04 22:16:28 - PyLongslit - INFO - logger.py:69 - Logger initialized. Log will be saved in /home/kostas/Documents/PyLongslit/config_alfosc.log.
2025-02-04 22:16:28 - PyLongslit - INFO - parser.py:21 - Config file found. Loading user parameters...
2025-02-04 22:16:28 - PyLongslit - INFO - parser.py:37 - User parameters loaded successfully.
2025-02-04 22:16:29 - PyLongslit - INFO - overscan.py:77 - Detecting the direction of the overscan region...
2025-02-04 22:16:29 - PyLongslit - INFO - overscan.py:95 - Horizontal overscan detected.
2025-02-04 22:16:29 - PyLongslit - INFO - utils.py:793 - Fetching the master bias frame...
2025-02-04 22:16:29 - PyLongslit - INFO - utils.py:804 - Master bias frame found and loaded.
2025-02-04 22:16:29 - PyLongslit - INFO - utils.py:809 - Fetching the master flat frame...
2025-02-04 22:16:29 - PyLongslit - INFO - utils.py:820 - Master flat frame found and loaded.
2025-02-04 22:16:29 - PyLongslit - INFO - reduce.py:164 - Fetching cosmic-ray removed files from /home/kostas/Documents/PyLongslit/output_alt ...
2025-02-04 22:16:29 - PyLongslit - INFO - reduce.py:32 - Found 2 cosmic-ray removed science files.
2025-02-04 22:16:29 - PyLongslit - INFO - reduce.py:33 - Found 1 cosmic-ray removed standard star files.
2025-02-04 22:16:29 - PyLongslit - INFO - reduce.py:173 - Reducing following standard star frames:
2025-02-04 22:16:29 - PyLongslit - INFO - reduce.py:101 - Reducing frame crr_std_ALHh050097.fits ...
2025-02-04 22:16:29 - PyLongslit - INFO - overscan.py:147 - Subtracting overscan...
2025-02-04 22:16:29 - PyLongslit - INFO - overscan.py:77 - Detecting the direction of the overscan region...
2025-02-04 22:16:29 - PyLongslit - INFO - overscan.py:95 - Horizontal overscan detected.
2025-02-04 22:16:29 - PyLongslit - INFO - overscan.py:169 - Overscan subtracted successfully.
2025-02-04 22:16:30 - PyLongslit - INFO - reduce.py:63 - Dividing by the master flat frame...
2025-02-04 22:16:30 - PyLongslit - INFO - utils.py:409 - Rotating image to make x the spectral direction...
2025-02-04 22:16:30 - PyLongslit - INFO - utils.py:413 - Flipping the image to make wavelengths increase with x-pixels...
2025-02-04 22:16:30 - PyLongslit - INFO - reduce.py:119 - Frame reduced, writing to disc...
2025-02-04 22:16:30 - PyLongslit - INFO - reduce.py:132 - Frame written to directory /home/kostas/Documents/PyLongslit/output_alt, filename reduced_std_ALHh050097.fits
2025-02-04 22:16:30 - PyLongslit - INFO - reduce.py:185 - Reducing following science frames:
2025-02-04 22:16:30 - PyLongslit - INFO - reduce.py:101 - Reducing frame crr_science_ALHh050196.fits ...
2025-02-04 22:16:30 - PyLongslit - INFO - overscan.py:147 - Subtracting overscan...
2025-02-04 22:16:30 - PyLongslit - INFO - overscan.py:77 - Detecting the direction of the overscan region...
2025-02-04 22:16:30 - PyLongslit - INFO - overscan.py:95 - Horizontal overscan detected.
2025-02-04 22:16:30 - PyLongslit - INFO - overscan.py:169 - Overscan subtracted successfully.
2025-02-04 22:16:33 - PyLongslit - INFO - reduce.py:63 - Dividing by the master flat frame...
2025-02-04 22:16:33 - PyLongslit - INFO - utils.py:409 - Rotating image to make x the spectral direction...
2025-02-04 22:16:33 - PyLongslit - INFO - utils.py:413 - Flipping the image to make wavelengths increase with x-pixels...
2025-02-04 22:16:33 - PyLongslit - INFO - reduce.py:119 - Frame reduced, writing to disc...
2025-02-04 22:16:33 - PyLongslit - INFO - reduce.py:132 - Frame written to directory /home/kostas/Documents/PyLongslit/output_alt, filename reduced_science_ALHh050196.fits
2025-02-04 22:16:33 - PyLongslit - INFO - reduce.py:101 - Reducing frame crr_science_ALHh050197.fits ...
2025-02-04 22:16:33 - PyLongslit - INFO - overscan.py:147 - Subtracting overscan...
2025-02-04 22:16:33 - PyLongslit - INFO - overscan.py:77 - Detecting the direction of the overscan region...
2025-02-04 22:16:33 - PyLongslit - INFO - overscan.py:95 - Horizontal overscan detected.
2025-02-04 22:16:33 - PyLongslit - INFO - overscan.py:169 - Overscan subtracted successfully.
2025-02-04 22:16:34 - PyLongslit - INFO - reduce.py:63 - Dividing by the master flat frame...
2025-02-04 22:16:34 - PyLongslit - INFO - utils.py:409 - Rotating image to make x the spectral direction...
2025-02-04 22:16:34 - PyLongslit - INFO - utils.py:413 - Flipping the image to make wavelengths increase with x-pixels...
2025-02-04 22:16:34 - PyLongslit - INFO - reduce.py:119 - Frame reduced, writing to disc...
2025-02-04 22:16:34 - PyLongslit - INFO - reduce.py:132 - Frame written to directory /home/kostas/Documents/PyLongslit/output_alt, filename reduced_science_ALHh050197.fits
2025-02-04 22:16:53 - PyLongslit - INFO - logger.py:69 - Logger initialized. Log will be saved in /home/kostas/Documents/PyLongslit/config_alfosc.log.
2025-02-04 22:16:53 - PyLongslit - INFO - parser.py:21 - Config file found. Loading user parameters...
2025-02-04 22:16:53 - PyLongslit - INFO - parser.py:37 - User parameters loaded successfully.
2025-02-04 22:16:53 - PyLongslit - INFO - utils.py:443 - Found 3 frames:
2025-02-04 22:16:53 - PyLongslit - INFO - subtract_background.py:12 - Found 2 object - background pairs.
2025-02-04 22:16:53 - PyLongslit - INFO - subtract_background.py:24 - All files found in reduced files.
2025-02-04 22:17:05 - PyLongslit - INFO - subtract_background.py:74 - Saving subtracted image reduced_science_ALHh050197.fits to disc.
2025-02-04 22:17:05 - PyLongslit - INFO - subtract_background.py:74 - Saving subtracted image reduced_science_ALHh050196.fits to disc.
2025-02-04 22:17:05 - PyLongslit - INFO - subtract_background.py:77 - Subtracted images saved to disc.
2025-02-04 22:37:48 - PyLongslit - INFO - logger.py:69 - Logger initialized. Log will be saved in /home/kostas/Documents/PyLongslit/config_alfosc.log.
2025-02-04 22:37:48 - PyLongslit - INFO - wavecalib.py:1364 - Starting wavelength calibration routine...
2025-02-04 22:37:48 - PyLongslit - INFO - parser.py:21 - Config file found. Loading user parameters...
2025-02-04 22:37:48 - PyLongslit - INFO - parser.py:37 - User parameters loaded successfully.
2025-02-04 22:37:48 - PyLongslit - INFO - wavecalib.py:55 - Trying to read pixtable table from /home/kostas/Documents/PyLongslit/output/idarc.dat...
2025-02-04 22:37:48 - PyLongslit - INFO - wavecalib.py:61 - Pixtable read successfully.
2025-02-04 22:37:48 - PyLongslit - INFO - wavecalib.py:86 - Trying to fetch the master arc frame...
2025-02-04 22:37:48 - PyLongslit - INFO - wavecalib.py:95 - Master arc fetched successfully.
2025-02-04 22:37:48 - PyLongslit - INFO - wavecalib.py:1370 - Reidentifying the lines...
2025-02-04 22:38:27 - PyLongslit - INFO - logger.py:69 - Logger initialized. Log will be saved in /home/kostas/Documents/PyLongslit/config_alfosc.log.
2025-02-04 22:38:27 - PyLongslit - INFO - wavecalib.py:1364 - Starting wavelength calibration routine...
2025-02-04 22:38:27 - PyLongslit - INFO - parser.py:21 - Config file found. Loading user parameters...
2025-02-04 22:38:27 - PyLongslit - INFO - parser.py:37 - User parameters loaded successfully.
2025-02-04 22:38:27 - PyLongslit - INFO - wavecalib.py:55 - Trying to read pixtable table from /home/kostas/Documents/PyLongslit/output/idarc.dat...
2025-02-04 22:38:27 - PyLongslit - INFO - wavecalib.py:61 - Pixtable read successfully.
2025-02-04 22:38:27 - PyLongslit - INFO - wavecalib.py:86 - Trying to fetch the master arc frame...
2025-02-04 22:38:27 - PyLongslit - INFO - wavecalib.py:95 - Master arc fetched successfully.
2025-02-04 22:38:27 - PyLongslit - INFO - wavecalib.py:1370 - Reidentifying the lines...
2025-02-04 22:38:28 - PyLongslit - WARNING - wavecalib.py:108 - Line could not be identified with a Gaussian fit. Current FWHM guess is 6.
2025-02-04 22:38:28 - PyLongslit - WARNING - wavecalib.py:109 - This is expected for some lines, but pay attention to the upcoming quality assessment plots.
2025-02-04 22:38:30 - PyLongslit - WARNING - wavecalib.py:108 - Line could not be identified with a Gaussian fit. Current FWHM guess is 6.
2025-02-04 22:38:30 - PyLongslit - WARNING - wavecalib.py:109 - This is expected for some lines, but pay attention to the upcoming quality assessment plots.
2025-02-04 22:38:30 - PyLongslit - WARNING - wavecalib.py:108 - Line could not be identified with a Gaussian fit. Current FWHM guess is 6.
2025-02-04 22:38:30 - PyLongslit - WARNING - wavecalib.py:109 - This is expected for some lines, but pay attention to the upcoming quality assessment plots.
2025-02-04 22:38:30 - PyLongslit - WARNING - wavecalib.py:108 - Line could not be identified with a Gaussian fit. Current FWHM guess is 6.
2025-02-04 22:38:30 - PyLongslit - WARNING - wavecalib.py:109 - This is expected for some lines, but pay attention to the upcoming quality assessment plots.
2025-02-04 22:38:30 - PyLongslit - WARNING - wavecalib.py:108 - Line could not be identified with a Gaussian fit. Current FWHM guess is 6.
2025-02-04 22:38:30 - PyLongslit - WARNING - wavecalib.py:109 - This is expected for some lines, but pay attention to the upcoming quality assessment plots.
2025-02-04 22:38:30 - PyLongslit - WARNING - wavecalib.py:108 - Line could not be identified with a Gaussian fit. Current FWHM guess is 6.
2025-02-04 22:38:30 - PyLongslit - WARNING - wavecalib.py:109 - This is expected for some lines, but pay attention to the upcoming quality assessment plots.
2025-02-04 22:38:34 - PyLongslit - WARNING - wavecalib.py:108 - Line could not be identified with a Gaussian fit. Current FWHM guess is 6.
2025-02-04 22:38:34 - PyLongslit - WARNING - wavecalib.py:109 - This is expected for some lines, but pay attention to the upcoming quality assessment plots.
2025-02-04 22:38:34 - PyLongslit - WARNING - wavecalib.py:108 - Line could not be identified with a Gaussian fit. Current FWHM guess is 6.
2025-02-04 22:38:34 - PyLongslit - WARNING - wavecalib.py:109 - This is expected for some lines, but pay attention to the upcoming quality assessment plots.
2025-02-04 22:38:34 - PyLongslit - WARNING - wavecalib.py:108 - Line could not be identified with a Gaussian fit. Current FWHM guess is 6.
2025-02-04 22:38:34 - PyLongslit - WARNING - wavecalib.py:109 - This is expected for some lines, but pay attention to the upcoming quality assessment plots.
2025-02-04 22:38:34 - PyLongslit - WARNING - wavecalib.py:108 - Line could not be identified with a Gaussian fit. Current FWHM guess is 6.
2025-02-04 22:38:34 - PyLongslit - WARNING - wavecalib.py:109 - This is expected for some lines, but pay attention to the upcoming quality assessment plots.
2025-02-04 22:38:37 - PyLongslit - WARNING - wavecalib.py:108 - Line could not be identified with a Gaussian fit. Current FWHM guess is 6.
2025-02-04 22:38:37 - PyLongslit - WARNING - wavecalib.py:109 - This is expected for some lines, but pay attention to the upcoming quality assessment plots.
2025-02-04 22:38:37 - PyLongslit - WARNING - wavecalib.py:108 - Line could not be identified with a Gaussian fit. Current FWHM guess is 6.
2025-02-04 22:38:37 - PyLongslit - WARNING - wavecalib.py:109 - This is expected for some lines, but pay attention to the upcoming quality assessment plots.
2025-02-04 22:38:43 - PyLongslit - INFO - wavecalib.py:1169 - Writing wavelen fit results to disc...
2025-02-04 22:38:43 - PyLongslit - INFO - wavecalib.py:1182 - 2D tilt fit results written to disc in /home/kostas/Documents/PyLongslit/output_alt, filename wavelen_fit.pkl.
2025-02-04 22:38:43 - PyLongslit - INFO - wavecalib.py:1376 - Reidentification done.
2025-02-04 22:38:43 - PyLongslit - INFO - wavecalib.py:1377 - Starting tilt tracing...
2025-02-04 22:38:43 - PyLongslit - INFO - wavecalib.py:379 - Tracing the tilts of the lines in the arc spectrum...
2025-02-04 22:38:43 - PyLongslit - INFO - wavecalib.py:438 - Tracing line-tilt at pixel 471.5...
2025-02-04 22:38:47 - PyLongslit - INFO - wavecalib.py:327 - Line traced successfully at pixel 472.2753909789133.
2025-02-04 22:38:47 - PyLongslit - INFO - wavecalib.py:438 - Tracing line-tilt at pixel 497.14...
2025-02-04 22:38:49 - PyLongslit - WARNING - wavecalib.py:108 - Too many bad fits with R2 below 0.95 in the tilt trace. The selection parameters for this are: TILT_REJECT_LINE_FRACTION = 0.25, corresponding to 125.0 lines, and TILT_TRACE_R2_TOL. = 0.95
2025-02-04 22:38:49 - PyLongslit - WARNING - wavecalib.py:109 - This is expected for some lines, but pay attention to the upcoming quality assessment plots.
2025-02-04 22:38:49 - PyLongslit - INFO - wavecalib.py:438 - Tracing line-tilt at pixel 517.33...
2025-02-04 22:38:53 - PyLongslit - INFO - wavecalib.py:327 - Line traced successfully at pixel 517.9993418423758.
2025-02-04 22:38:53 - PyLongslit - WARNING - wavecalib.py:108 - Good line trace, but the RMS=0.84204215792063 of the spacial polynomial is higher than the tolerance 0.98. Current user defined spacial fitting order: 3.
2025-02-04 22:38:53 - PyLongslit - WARNING - wavecalib.py:109 - This is expected for some lines, but pay attention to the upcoming quality assessment plots.
2025-02-04 22:38:53 - PyLongslit - INFO - wavecalib.py:438 - Tracing line-tilt at pixel 632.93...
2025-02-04 22:38:55 - PyLongslit - WARNING - wavecalib.py:108 - Too many bad fits with R2 below 0.95 in the tilt trace. The selection parameters for this are: TILT_REJECT_LINE_FRACTION = 0.25, corresponding to 125.0 lines, and TILT_TRACE_R2_TOL. = 0.95
2025-02-04 22:38:55 - PyLongslit - WARNING - wavecalib.py:109 - This is expected for some lines, but pay attention to the upcoming quality assessment plots.
2025-02-04 22:38:55 - PyLongslit - INFO - wavecalib.py:438 - Tracing line-tilt at pixel 658.5...
2025-02-04 22:38:59 - PyLongslit - INFO - wavecalib.py:327 - Line traced successfully at pixel 659.2995449957901.
2025-02-04 22:38:59 - PyLongslit - INFO - wavecalib.py:438 - Tracing line-tilt at pixel 732.49...
2025-02-04 22:39:04 - PyLongslit - INFO - wavecalib.py:327 - Line traced successfully at pixel 733.0111819528123.
2025-02-04 22:39:04 - PyLongslit - WARNING - wavecalib.py:108 - Good line trace, but the RMS=0.9422497450054116 of the spacial polynomial is higher than the tolerance 0.98. Current user defined spacial fitting order: 3.
2025-02-04 22:39:04 - PyLongslit - WARNING - wavecalib.py:109 - This is expected for some lines, but pay attention to the upcoming quality assessment plots.
2025-02-04 22:39:04 - PyLongslit - INFO - wavecalib.py:438 - Tracing line-tilt at pixel 795.49...
2025-02-04 22:39:06 - PyLongslit - WARNING - wavecalib.py:108 - Too many bad fits with R2 below 0.95 in the tilt trace. The selection parameters for this are: TILT_REJECT_LINE_FRACTION = 0.25, corresponding to 125.0 lines, and TILT_TRACE_R2_TOL. = 0.95
2025-02-04 22:39:06 - PyLongslit - WARNING - wavecalib.py:109 - This is expected for some lines, but pay attention to the upcoming quality assessment plots.
2025-02-04 22:39:06 - PyLongslit - INFO - wavecalib.py:438 - Tracing line-tilt at pixel 822.5...
2025-02-04 22:39:10 - PyLongslit - INFO - wavecalib.py:327 - Line traced successfully at pixel 823.3794442613831.
2025-02-04 22:39:10 - PyLongslit - INFO - wavecalib.py:438 - Tracing line-tilt at pixel 935.35...
2025-02-04 22:39:13 - PyLongslit - WARNING - wavecalib.py:108 - Too many bad fits with R2 below 0.95 in the tilt trace. The selection parameters for this are: TILT_REJECT_LINE_FRACTION = 0.25, corresponding to 125.0 lines, and TILT_TRACE_R2_TOL. = 0.95
2025-02-04 22:39:13 - PyLongslit - WARNING - wavecalib.py:109 - This is expected for some lines, but pay attention to the upcoming quality assessment plots.
2025-02-04 22:39:13 - PyLongslit - INFO - wavecalib.py:438 - Tracing line-tilt at pixel 1039.66...
2025-02-04 22:39:15 - PyLongslit - WARNING - wavecalib.py:108 - Too many bad fits with R2 below 0.95 in the tilt trace. The selection parameters for this are: TILT_REJECT_LINE_FRACTION = 0.25, corresponding to 125.0 lines, and TILT_TRACE_R2_TOL. = 0.95
2025-02-04 22:39:15 - PyLongslit - WARNING - wavecalib.py:109 - This is expected for some lines, but pay attention to the upcoming quality assessment plots.
2025-02-04 22:39:15 - PyLongslit - INFO - wavecalib.py:438 - Tracing line-tilt at pixel 1064.92...
2025-02-04 22:39:15 - PyLongslit - WARNING - wavecalib.py:108 - Line could not be identified with a Gaussian fit. Current FWHM guess is 7.962767363503435.
2025-02-04 22:39:15 - PyLongslit - WARNING - wavecalib.py:109 - This is expected for some lines, but pay attention to the upcoming quality assessment plots.
2025-02-04 22:39:15 - PyLongslit - INFO - wavecalib.py:438 - Tracing line-tilt at pixel 1090.92...
2025-02-04 22:39:18 - PyLongslit - INFO - wavecalib.py:327 - Line traced successfully at pixel 1091.406673214994.
2025-02-04 22:39:18 - PyLongslit - INFO - wavecalib.py:438 - Tracing line-tilt at pixel 1114.76...
2025-02-04 22:39:22 - PyLongslit - INFO - wavecalib.py:327 - Line traced successfully at pixel 1115.4579240649114.
2025-02-04 22:39:22 - PyLongslit - INFO - wavecalib.py:438 - Tracing line-tilt at pixel 1127.49...
2025-02-04 22:39:22 - PyLongslit - WARNING - wavecalib.py:108 - Line could not be identified with a Gaussian fit. Current FWHM guess is 7.962767363503435.
2025-02-04 22:39:22 - PyLongslit - WARNING - wavecalib.py:109 - This is expected for some lines, but pay attention to the upcoming quality assessment plots.
2025-02-04 22:39:22 - PyLongslit - INFO - wavecalib.py:438 - Tracing line-tilt at pixel 1133.59...
2025-02-04 22:39:25 - PyLongslit - WARNING - wavecalib.py:108 - Too many bad fits with R2 below 0.95 in the tilt trace. The selection parameters for this are: TILT_REJECT_LINE_FRACTION = 0.25, corresponding to 125.0 lines, and TILT_TRACE_R2_TOL. = 0.95
2025-02-04 22:39:25 - PyLongslit - WARNING - wavecalib.py:109 - This is expected for some lines, but pay attention to the upcoming quality assessment plots.
2025-02-04 22:39:25 - PyLongslit - INFO - wavecalib.py:438 - Tracing line-tilt at pixel 1146.8...
2025-02-04 22:39:27 - PyLongslit - WARNING - wavecalib.py:108 - Too many bad fits with R2 below 0.95 in the tilt trace. The selection parameters for this are: TILT_REJECT_LINE_FRACTION = 0.25, corresponding to 125.0 lines, and TILT_TRACE_R2_TOL. = 0.95
2025-02-04 22:39:27 - PyLongslit - WARNING - wavecalib.py:109 - This is expected for some lines, but pay attention to the upcoming quality assessment plots.
2025-02-04 22:39:27 - PyLongslit - INFO - wavecalib.py:438 - Tracing line-tilt at pixel 1152.77...
2025-02-04 22:39:27 - PyLongslit - WARNING - wavecalib.py:108 - Line could not be identified with a Gaussian fit. Current FWHM guess is 7.962767363503435.
2025-02-04 22:39:27 - PyLongslit - WARNING - wavecalib.py:109 - This is expected for some lines, but pay attention to the upcoming quality assessment plots.
2025-02-04 22:39:27 - PyLongslit - INFO - wavecalib.py:438 - Tracing line-tilt at pixel 1167.64...
2025-02-04 22:39:31 - PyLongslit - INFO - wavecalib.py:327 - Line traced successfully at pixel 1168.146006926822.
2025-02-04 22:39:31 - PyLongslit - INFO - wavecalib.py:438 - Tracing line-tilt at pixel 1181.46...
2025-02-04 22:39:34 - PyLongslit - INFO - wavecalib.py:327 - Line traced successfully at pixel 1181.9058315596992.
2025-02-04 22:39:34 - PyLongslit - WARNING - wavecalib.py:108 - Good line trace, but the RMS=0.9791686293515426 of the spacial polynomial is higher than the tolerance 0.98. Current user defined spacial fitting order: 3.
2025-02-04 22:39:34 - PyLongslit - WARNING - wavecalib.py:109 - This is expected for some lines, but pay attention to the upcoming quality assessment plots.
2025-02-04 22:39:34 - PyLongslit - INFO - wavecalib.py:438 - Tracing line-tilt at pixel 1191.59...
2025-02-04 22:39:34 - PyLongslit - WARNING - wavecalib.py:108 - Line could not be identified with a Gaussian fit. Current FWHM guess is 7.962767363503435.
2025-02-04 22:39:34 - PyLongslit - WARNING - wavecalib.py:109 - This is expected for some lines, but pay attention to the upcoming quality assessment plots.
2025-02-04 22:39:34 - PyLongslit - INFO - wavecalib.py:438 - Tracing line-tilt at pixel 1200.46...
2025-02-04 22:39:38 - PyLongslit - INFO - wavecalib.py:327 - Line traced successfully at pixel 1200.9148801092504.
2025-02-04 22:39:38 - PyLongslit - INFO - wavecalib.py:438 - Tracing line-tilt at pixel 1248.44...
2025-02-04 22:39:42 - PyLongslit - INFO - wavecalib.py:327 - Line traced successfully at pixel 1248.8724974843303.
2025-02-04 22:39:42 - PyLongslit - INFO - wavecalib.py:438 - Tracing line-tilt at pixel 1255.98...
2025-02-04 22:39:42 - PyLongslit - WARNING - wavecalib.py:108 - Line could not be identified with a Gaussian fit. Current FWHM guess is 7.962767363503435.
2025-02-04 22:39:42 - PyLongslit - WARNING - wavecalib.py:109 - This is expected for some lines, but pay attention to the upcoming quality assessment plots.
2025-02-04 22:39:42 - PyLongslit - INFO - wavecalib.py:438 - Tracing line-tilt at pixel 1274.12...
2025-02-04 22:39:46 - PyLongslit - INFO - wavecalib.py:327 - Line traced successfully at pixel 1274.5616958498308.
2025-02-04 22:39:54 - PyLongslit - INFO - wavecalib.py:438 - Tracing line-tilt at pixel 1296.1...
2025-02-04 22:39:58 - PyLongslit - INFO - wavecalib.py:327 - Line traced successfully at pixel 1296.540802198429.
2025-02-04 22:39:58 - PyLongslit - INFO - wavecalib.py:438 - Tracing line-tilt at pixel 1306.82...
2025-02-04 22:39:58 - PyLongslit - WARNING - wavecalib.py:108 - Line could not be identified with a Gaussian fit. Current FWHM guess is 7.962767363503435.
2025-02-04 22:39:58 - PyLongslit - WARNING - wavecalib.py:109 - This is expected for some lines, but pay attention to the upcoming quality assessment plots.
2025-02-04 22:39:58 - PyLongslit - INFO - wavecalib.py:438 - Tracing line-tilt at pixel 1365.49...
2025-02-04 22:40:01 - PyLongslit - INFO - wavecalib.py:327 - Line traced successfully at pixel 1365.9273677134308.
2025-02-04 22:40:01 - PyLongslit - INFO - wavecalib.py:438 - Tracing line-tilt at pixel 1393.76...
2025-02-04 22:40:03 - PyLongslit - WARNING - wavecalib.py:108 - Too many bad fits with R2 below 0.95 in the tilt trace. The selection parameters for this are: TILT_REJECT_LINE_FRACTION = 0.25, corresponding to 125.0 lines, and TILT_TRACE_R2_TOL. = 0.95
2025-02-04 22:40:03 - PyLongslit - WARNING - wavecalib.py:109 - This is expected for some lines, but pay attention to the upcoming quality assessment plots.
2025-02-04 22:40:03 - PyLongslit - INFO - wavecalib.py:438 - Tracing line-tilt at pixel 1402.77...
2025-02-04 22:40:03 - PyLongslit - WARNING - wavecalib.py:108 - Line could not be identified with a Gaussian fit. Current FWHM guess is 7.962767363503435.
2025-02-04 22:40:03 - PyLongslit - WARNING - wavecalib.py:109 - This is expected for some lines, but pay attention to the upcoming quality assessment plots.
2025-02-04 22:40:03 - PyLongslit - INFO - wavecalib.py:438 - Tracing line-tilt at pixel 1432.5...
2025-02-04 22:40:07 - PyLongslit - INFO - wavecalib.py:327 - Line traced successfully at pixel 1433.0649343833231.
2025-02-04 22:40:07 - PyLongslit - INFO - wavecalib.py:438 - Tracing line-tilt at pixel 1452.11...
2025-02-04 22:40:11 - PyLongslit - INFO - wavecalib.py:327 - Line traced successfully at pixel 1452.52331986045.
2025-02-04 22:40:11 - PyLongslit - WARNING - wavecalib.py:108 - Good line trace, but the RMS=0.9453461267087642 of the spacial polynomial is higher than the tolerance 0.98. Current user defined spacial fitting order: 3.
2025-02-04 22:40:11 - PyLongslit - WARNING - wavecalib.py:109 - This is expected for some lines, but pay attention to the upcoming quality assessment plots.
2025-02-04 22:40:11 - PyLongslit - INFO - wavecalib.py:438 - Tracing line-tilt at pixel 1461.83...
2025-02-04 22:40:11 - PyLongslit - WARNING - wavecalib.py:108 - Line could not be identified with a Gaussian fit. Current FWHM guess is 7.962767363503435.
2025-02-04 22:40:11 - PyLongslit - WARNING - wavecalib.py:109 - This is expected for some lines, but pay attention to the upcoming quality assessment plots.
2025-02-04 22:40:11 - PyLongslit - INFO - wavecalib.py:438 - Tracing line-tilt at pixel 1504.89...
2025-02-04 22:40:17 - PyLongslit - INFO - wavecalib.py:327 - Line traced successfully at pixel 1505.466566648397.
2025-02-04 22:40:17 - PyLongslit - WARNING - wavecalib.py:108 - Good line trace, but the RMS=0.9645534502258182 of the spacial polynomial is higher than the tolerance 0.98. Current user defined spacial fitting order: 3.
2025-02-04 22:40:17 - PyLongslit - WARNING - wavecalib.py:109 - This is expected for some lines, but pay attention to the upcoming quality assessment plots.
2025-02-04 22:40:17 - PyLongslit - INFO - wavecalib.py:438 - Tracing line-tilt at pixel 1518.48...
2025-02-04 22:40:22 - PyLongslit - INFO - wavecalib.py:327 - Line traced successfully at pixel 1518.8400052891418.
2025-02-04 22:40:22 - PyLongslit - WARNING - wavecalib.py:108 - Good line trace, but the RMS=0.9445392252712481 of the spacial polynomial is higher than the tolerance 0.98. Current user defined spacial fitting order: 3.
2025-02-04 22:40:22 - PyLongslit - WARNING - wavecalib.py:109 - This is expected for some lines, but pay attention to the upcoming quality assessment plots.
2025-02-04 22:40:22 - PyLongslit - INFO - wavecalib.py:438 - Tracing line-tilt at pixel 1531.93...
2025-02-04 22:40:28 - PyLongslit - INFO - wavecalib.py:327 - Line traced successfully at pixel 1532.3637019847722.
2025-02-04 22:40:28 - PyLongslit - WARNING - wavecalib.py:108 - Good line trace, but the RMS=0.967516150983649 of the spacial polynomial is higher than the tolerance 0.98. Current user defined spacial fitting order: 3.
2025-02-04 22:40:28 - PyLongslit - WARNING - wavecalib.py:109 - This is expected for some lines, but pay attention to the upcoming quality assessment plots.
2025-02-04 22:40:28 - PyLongslit - INFO - wavecalib.py:438 - Tracing line-tilt at pixel 1693.44...
2025-02-04 22:40:30 - PyLongslit - WARNING - wavecalib.py:108 - Too many bad fits with R2 below 0.95 in the tilt trace. The selection parameters for this are: TILT_REJECT_LINE_FRACTION = 0.25, corresponding to 125.0 lines, and TILT_TRACE_R2_TOL. = 0.95
2025-02-04 22:40:30 - PyLongslit - WARNING - wavecalib.py:109 - This is expected for some lines, but pay attention to the upcoming quality assessment plots.
2025-02-04 22:40:30 - PyLongslit - INFO - wavecalib.py:438 - Tracing line-tilt at pixel 1737.53...
2025-02-04 22:40:33 - PyLongslit - WARNING - wavecalib.py:108 - Too many bad fits with R2 below 0.95 in the tilt trace. The selection parameters for this are: TILT_REJECT_LINE_FRACTION = 0.25, corresponding to 125.0 lines, and TILT_TRACE_R2_TOL. = 0.95
2025-02-04 22:40:33 - PyLongslit - WARNING - wavecalib.py:109 - This is expected for some lines, but pay attention to the upcoming quality assessment plots.
2025-02-04 22:40:33 - PyLongslit - INFO - wavecalib.py:438 - Tracing line-tilt at pixel 1758.52...
2025-02-04 22:40:38 - PyLongslit - INFO - wavecalib.py:327 - Line traced successfully at pixel 1758.9641898285142.
2025-02-04 22:40:38 - PyLongslit - WARNING - wavecalib.py:108 - Good line trace, but the RMS=0.9704608100178074 of the spacial polynomial is higher than the tolerance 0.98. Current user defined spacial fitting order: 3.
2025-02-04 22:40:38 - PyLongslit - WARNING - wavecalib.py:109 - This is expected for some lines, but pay attention to the upcoming quality assessment plots.
2025-02-04 22:40:38 - PyLongslit - INFO - wavecalib.py:438 - Tracing line-tilt at pixel 1790.45...
2025-02-04 22:40:45 - PyLongslit - INFO - wavecalib.py:327 - Line traced successfully at pixel 1790.4891096558674.
2025-02-04 22:40:45 - PyLongslit - WARNING - wavecalib.py:108 - Good line trace, but the RMS=0.9596415585727875 of the spacial polynomial is higher than the tolerance 0.98. Current user defined spacial fitting order: 3.
2025-02-04 22:40:45 - PyLongslit - WARNING - wavecalib.py:109 - This is expected for some lines, but pay attention to the upcoming quality assessment plots.
2025-02-04 22:40:45 - PyLongslit - INFO - wavecalib.py:438 - Tracing line-tilt at pixel 1832.33...
2025-02-04 22:40:47 - PyLongslit - WARNING - wavecalib.py:108 - Too many bad fits with R2 below 0.95 in the tilt trace. The selection parameters for this are: TILT_REJECT_LINE_FRACTION = 0.25, corresponding to 125.0 lines, and TILT_TRACE_R2_TOL. = 0.95
2025-02-04 22:40:47 - PyLongslit - WARNING - wavecalib.py:109 - This is expected for some lines, but pay attention to the upcoming quality assessment plots.
2025-02-04 22:40:47 - PyLongslit - INFO - wavecalib.py:438 - Tracing line-tilt at pixel 1866.36...
2025-02-04 22:40:52 - PyLongslit - INFO - wavecalib.py:327 - Line traced successfully at pixel 1866.7706626663737.
2025-02-04 22:40:52 - PyLongslit - WARNING - wavecalib.py:108 - Good line trace, but the RMS=0.9560360697980778 of the spacial polynomial is higher than the tolerance 0.98. Current user defined spacial fitting order: 3.
2025-02-04 22:40:52 - PyLongslit - WARNING - wavecalib.py:109 - This is expected for some lines, but pay attention to the upcoming quality assessment plots.
2025-02-04 22:40:52 - PyLongslit - INFO - wavecalib.py:438 - Tracing line-tilt at pixel 1886.67...
2025-02-04 22:40:54 - PyLongslit - WARNING - wavecalib.py:108 - Too many bad fits with R2 below 0.95 in the tilt trace. The selection parameters for this are: TILT_REJECT_LINE_FRACTION = 0.25, corresponding to 125.0 lines, and TILT_TRACE_R2_TOL. = 0.95
2025-02-04 22:40:54 - PyLongslit - WARNING - wavecalib.py:109 - This is expected for some lines, but pay attention to the upcoming quality assessment plots.
2025-02-04 22:40:54 - PyLongslit - INFO - wavecalib.py:438 - Tracing line-tilt at pixel 1903.08...
2025-02-04 22:40:55 - PyLongslit - WARNING - wavecalib.py:108 - Too many bad fits with R2 below 0.95 in the tilt trace. The selection parameters for this are: TILT_REJECT_LINE_FRACTION = 0.25, corresponding to 125.0 lines, and TILT_TRACE_R2_TOL. = 0.95
2025-02-04 22:40:55 - PyLongslit - WARNING - wavecalib.py:109 - This is expected for some lines, but pay attention to the upcoming quality assessment plots.
2025-02-04 22:40:55 - PyLongslit - INFO - wavecalib.py:438 - Tracing line-tilt at pixel 1963.61...
2025-02-04 22:40:55 - PyLongslit - WARNING - wavecalib.py:108 - Line could not be identified with a Gaussian fit. Current FWHM guess is 7.962767363503435.
2025-02-04 22:40:55 - PyLongslit - WARNING - wavecalib.py:109 - This is expected for some lines, but pay attention to the upcoming quality assessment plots.
2025-02-04 22:41:03 - PyLongslit - INFO - wavecalib.py:649 - Line tilt tracing done.
2025-02-04 22:41:03 - PyLongslit - INFO - wavecalib.py:650 - Number of good traces: 22 out of 44.
2025-02-04 22:41:03 - PyLongslit - INFO - wavecalib.py:651 - Number of good fits: 12 out of 22.
2025-02-04 22:41:03 - PyLongslit - INFO - wavecalib.py:1224 - Writing good tilt lines to disc...
2025-02-04 22:41:03 - PyLongslit - INFO - wavecalib.py:1237 - Good tilt lines written to disc.
2025-02-04 22:41:03 - PyLongslit - INFO - wavecalib.py:921 - Preparing to fit a 2d polynomial tilt through whole delector...
2025-02-04 22:41:03 - PyLongslit - INFO - wavecalib.py:928 - Fitting a 2d tilt solution of order 1 in spectral direction and order 3 in spatial direction to reidentified lines...
2025-02-04 22:41:06 - PyLongslit - INFO - wavecalib.py:1193 - Writing tilt fit results to disc...
2025-02-04 22:41:06 - PyLongslit - INFO - wavecalib.py:1206 - 2D tilt fit results written to disc in /home/kostas/Documents/PyLongslit/output_alt, filename tilt_fit.pkl.
2025-02-04 22:41:13 - PyLongslit - INFO - wavecalib.py:1013 - Constructing the detector map...
2025-02-04 22:41:18 - PyLongslit - INFO - wavecalib.py:1406 - Wavelength calibration routine done.
